2021-05-26 19:25:11 [scrapy.utils.log] INFO: Scrapy 2.5.0 started (bot: scrapybot)
2021-05-26 19:25:11 [scrapy.utils.log] INFO: Versions: lxml 4.6.3.0, libxml2 2.9.10, cssselect 1.1.0, parsel 1.6.0, w3lib 1.22.0, Twisted 21.2.0, Python 3.9.4 (default, Apr 22 2021, 12:02:23) - [Clang 12.0.0 (clang-1200.0.32.29)], pyOpenSSL 20.0.1 (OpenSSL 1.1.1k  25 Mar 2021), cryptography 3.4.7, Platform macOS-10.15.7-x86_64-i386-64bit
2021-05-26 19:25:11 [scrapy.utils.log] DEBUG: Using reactor: twisted.internet.selectreactor.SelectReactor
2021-05-26 19:25:11 [scrapy.crawler] INFO: Overridden settings:
{'LOG_FILE': PosixPath('/Users/khoivan/Documents/programming/north-country-fire-image-scraping/src/logs/scrape_log_napoleon_catalog.log'),
 'USER_AGENT': 'Mozilla/5.0 (Macintosh; Intel Mac OS X 10_15_7) '
               'AppleWebKit/537.36 (KHTML, like Gecko) Chrome/88.0.4324.96 '
               'Safari/537.36'}
2021-05-26 19:25:11 [scrapy.extensions.telnet] INFO: Telnet Password: f84453b6ddcb8541
2021-05-26 19:25:11 [scrapy.middleware] INFO: Enabled extensions:
['scrapy.extensions.corestats.CoreStats',
 'scrapy.extensions.telnet.TelnetConsole',
 'scrapy.extensions.memusage.MemoryUsage',
 'scrapy.extensions.logstats.LogStats']
2021-05-26 19:25:11 [scrapy.middleware] INFO: Enabled downloader middlewares:
['scrapy.downloadermiddlewares.httpauth.HttpAuthMiddleware',
 'scrapy.downloadermiddlewares.downloadtimeout.DownloadTimeoutMiddleware',
 'scrapy.downloadermiddlewares.defaultheaders.DefaultHeadersMiddleware',
 'scrapy.downloadermiddlewares.useragent.UserAgentMiddleware',
 'scrapy.downloadermiddlewares.retry.RetryMiddleware',
 'scrapy.downloadermiddlewares.redirect.MetaRefreshMiddleware',
 'scrapy.downloadermiddlewares.httpcompression.HttpCompressionMiddleware',
 'scrapy.downloadermiddlewares.redirect.RedirectMiddleware',
 'scrapy.downloadermiddlewares.cookies.CookiesMiddleware',
 'scrapy.downloadermiddlewares.httpproxy.HttpProxyMiddleware',
 'scrapy.downloadermiddlewares.stats.DownloaderStats']
2021-05-26 19:25:11 [scrapy.middleware] INFO: Enabled spider middlewares:
['scrapy.spidermiddlewares.httperror.HttpErrorMiddleware',
 'scrapy.spidermiddlewares.offsite.OffsiteMiddleware',
 'scrapy.spidermiddlewares.referer.RefererMiddleware',
 'scrapy.spidermiddlewares.urllength.UrlLengthMiddleware',
 'scrapy.spidermiddlewares.depth.DepthMiddleware']
2021-05-26 19:25:11 [scrapy.middleware] INFO: Enabled item pipelines:
['__main__.MyFilesPipeline']
2021-05-26 19:25:11 [scrapy.core.engine] INFO: Spider opened
2021-05-26 19:25:11 [scrapy.extensions.logstats] INFO: Crawled 0 pages (at 0 pages/min), scraped 0 items (at 0 items/min)
2021-05-26 19:25:11 [scrapy.extensions.telnet] INFO: Telnet console listening on 127.0.0.1:6023
2021-05-26 19:25:11 [scrapy.core.engine] DEBUG: Crawled (404) <GET https://app.salsify.com/catalogs/api/catalogs/44c36744-43f9-447b-9e90-7615b76afbe5/products/222-GW> (referer: None)
2021-05-26 19:25:11 [scrapy.core.engine] DEBUG: Crawled (404) <GET https://app.salsify.com/catalogs/api/catalogs/44c36744-43f9-447b-9e90-7615b76afbe5/products/1450M> (referer: None)
2021-05-26 19:25:11 [scrapy.core.engine] DEBUG: Crawled (404) <GET https://app.salsify.com/catalogs/api/catalogs/44c36744-43f9-447b-9e90-7615b76afbe5/products/222-G> (referer: None)
2021-05-26 19:25:12 [scrapy.core.engine] DEBUG: Crawled (404) <GET https://app.salsify.com/catalogs/api/catalogs/44c36744-43f9-447b-9e90-7615b76afbe5/products/115KT> (referer: None)
2021-05-26 19:25:12 [scrapy.core.engine] DEBUG: Crawled (404) <GET https://app.salsify.com/catalogs/api/catalogs/44c36744-43f9-447b-9e90-7615b76afbe5/products/1400CP> (referer: None)
2021-05-26 19:25:12 [scrapy.core.engine] DEBUG: Crawled (404) <GET https://app.salsify.com/catalogs/api/catalogs/44c36744-43f9-447b-9e90-7615b76afbe5/products/1400M> (referer: None)
2021-05-26 19:25:12 [scrapy.core.engine] DEBUG: Crawled (404) <GET https://app.salsify.com/catalogs/api/catalogs/44c36744-43f9-447b-9e90-7615b76afbe5/products/62140> (referer: None)
2021-05-26 19:25:12 [scrapy.core.engine] DEBUG: Crawled (404) <GET https://app.salsify.com/catalogs/api/catalogs/44c36744-43f9-447b-9e90-7615b76afbe5/products/W405-0049-SER> (referer: None)
2021-05-26 19:25:12 [scrapy.core.engine] DEBUG: Crawled (404) <GET https://app.salsify.com/catalogs/api/catalogs/44c36744-43f9-447b-9e90-7615b76afbe5/products/1100CP-1> (referer: None)
2021-05-26 19:25:12 [scrapy.core.engine] DEBUG: Crawled (404) <GET https://app.salsify.com/catalogs/api/catalogs/44c36744-43f9-447b-9e90-7615b76afbe5/products/NEFL32CHS> (referer: None)
2021-05-26 19:25:12 [scrapy.core.engine] DEBUG: Crawled (404) <GET https://app.salsify.com/catalogs/api/catalogs/44c36744-43f9-447b-9e90-7615b76afbe5/products/W660-0211-SER> (referer: None)
2021-05-26 19:25:12 [scrapy.core.engine] DEBUG: Crawled (404) <GET https://app.salsify.com/catalogs/api/catalogs/44c36744-43f9-447b-9e90-7615b76afbe5/products/GD422R-2,%20GD420> (referer: None)
2021-05-26 19:25:12 [scrapy.core.engine] DEBUG: Crawled (404) <GET https://app.salsify.com/catalogs/api/catalogs/44c36744-43f9-447b-9e90-7615b76afbe5/products/AK-2M> (referer: None)
2021-05-26 19:25:12 [scrapy.core.engine] DEBUG: Crawled (200) <GET https://app.salsify.com/catalogs/api/catalogs/44c36744-43f9-447b-9e90-7615b76afbe5/products/NZAC8KT> (referer: None)
2021-05-26 19:25:12 [scrapy.core.engine] DEBUG: Crawled (404) <GET https://app.salsify.com/catalogs/api/catalogs/44c36744-43f9-447b-9e90-7615b76afbe5/products/AK-1M> (referer: None)
2021-05-26 19:25:12 [scrapy.core.engine] DEBUG: Crawled (404) <GET https://app.salsify.com/catalogs/api/catalogs/44c36744-43f9-447b-9e90-7615b76afbe5/products/W190-0095> (referer: None)
2021-05-26 19:25:12 [scrapy.core.engine] DEBUG: Crawled (200) <GET https://app.salsify.com/catalogs/api/catalogs/44c36744-43f9-447b-9e90-7615b76afbe5/products/GA65> (referer: None)
2021-05-26 19:25:12 [scrapy.core.engine] DEBUG: Crawled (404) <GET https://app.salsify.com/catalogs/api/catalogs/44c36744-43f9-447b-9e90-7615b76afbe5/products/ANI-G> (referer: None)
2021-05-26 19:25:12 [scrapy.core.engine] DEBUG: Crawled (404) <GET https://app.salsify.com/catalogs/api/catalogs/44c36744-43f9-447b-9e90-7615b76afbe5/products/ANI-O> (referer: None)
2021-05-26 19:25:12 [scrapy.core.engine] DEBUG: Crawled (200) <GET https://images.salsify.com/image/upload/s--Npbd8THp--/fl_attachment/ofarsqqslgbiyq3oezhn.png?image_name=nzac8kt> (referer: None)
2021-05-26 19:25:12 [scrapy.pipelines.files] DEBUG: File (downloaded): Downloaded file from <GET https://images.salsify.com/image/upload/s--Npbd8THp--/fl_attachment/ofarsqqslgbiyq3oezhn.png?image_name=nzac8kt> referred in <None>
2021-05-26 19:25:12 [scrapy.core.engine] DEBUG: Crawled (404) <GET https://app.salsify.com/catalogs/api/catalogs/44c36744-43f9-447b-9e90-7615b76afbe5/products/AR28G> (referer: None)
2021-05-26 19:25:12 [scrapy.core.engine] DEBUG: Crawled (404) <GET https://app.salsify.com/catalogs/api/catalogs/44c36744-43f9-447b-9e90-7615b76afbe5/products/AR50G> (referer: None)
2021-05-26 19:25:12 [scrapy.core.engine] DEBUG: Crawled (200) <GET https://app.salsify.com/catalogs/api/catalogs/44c36744-43f9-447b-9e90-7615b76afbe5/products/AP8> (referer: None)
2021-05-26 19:25:12 [scrapy.core.engine] DEBUG: Crawled (404) <GET https://app.salsify.com/catalogs/api/catalogs/44c36744-43f9-447b-9e90-7615b76afbe5/products/AS35WI> (referer: None)
2021-05-26 19:25:12 [scrapy.core.engine] DEBUG: Crawled (200) <GET https://images.salsify.com/image/upload/s--XrdHKLIL--/fl_attachment/yfzxcujtlgqvvepq9pnz.png?image_name=ga65> (referer: None)
2021-05-26 19:25:12 [scrapy.pipelines.files] DEBUG: File (downloaded): Downloaded file from <GET https://images.salsify.com/image/upload/s--XrdHKLIL--/fl_attachment/yfzxcujtlgqvvepq9pnz.png?image_name=ga65> referred in <None>
2021-05-26 19:25:12 [scrapy.core.engine] DEBUG: Crawled (404) <GET https://app.salsify.com/catalogs/api/catalogs/44c36744-43f9-447b-9e90-7615b76afbe5/products/AS52WI> (referer: None)
2021-05-26 19:25:12 [scrapy.core.scraper] DEBUG: Scraped from <200 https://app.salsify.com/catalogs/api/catalogs/44c36744-43f9-447b-9e90-7615b76afbe5/products/NZAC8KT>
{'file_urls': ['https://images.salsify.com/image/upload/s--Npbd8THp--/fl_attachment/ofarsqqslgbiyq3oezhn.png?image_name=nzac8kt'],
 'files': [{'checksum': 'a1554be8059d5b2e6845b419336f4324',
            'path': 'Napoleon/nzac8kt.png',
            'status': 'downloaded',
            'url': 'https://images.salsify.com/image/upload/s--Npbd8THp--/fl_attachment/ofarsqqslgbiyq3oezhn.png?image_name=nzac8kt'}],
 'image_brand': 'Napoleon',
 'image_name': 'nzac8kt'}
2021-05-26 19:25:12 [scrapy.core.engine] DEBUG: Crawled (404) <GET https://app.salsify.com/catalogs/api/catalogs/44c36744-43f9-447b-9e90-7615b76afbe5/products/EFL42S> (referer: None)
2021-05-26 19:25:12 [scrapy.core.engine] DEBUG: Crawled (200) <GET https://app.salsify.com/catalogs/api/catalogs/44c36744-43f9-447b-9e90-7615b76afbe5/products/ACS-1> (referer: None)
2021-05-26 19:25:12 [scrapy.core.engine] DEBUG: Crawled (404) <GET https://app.salsify.com/catalogs/api/catalogs/44c36744-43f9-447b-9e90-7615b76afbe5/products/EFL50> (referer: None)
2021-05-26 19:25:12 [scrapy.core.engine] DEBUG: Crawled (200) <GET https://images.salsify.com/image/upload/s--Npbd8THp--/fl_attachment/ofarsqqslgbiyq3oezhn.png?image_name=ap8> (referer: None)
2021-05-26 19:25:12 [scrapy.pipelines.files] DEBUG: File (downloaded): Downloaded file from <GET https://images.salsify.com/image/upload/s--Npbd8THp--/fl_attachment/ofarsqqslgbiyq3oezhn.png?image_name=ap8> referred in <None>
2021-05-26 19:25:12 [scrapy.core.scraper] DEBUG: Scraped from <200 https://app.salsify.com/catalogs/api/catalogs/44c36744-43f9-447b-9e90-7615b76afbe5/products/GA65>
{'file_urls': ['https://images.salsify.com/image/upload/s--XrdHKLIL--/fl_attachment/yfzxcujtlgqvvepq9pnz.png?image_name=ga65'],
 'files': [{'checksum': 'd98b70188aba8db5a6171936e77caa53',
            'path': 'Napoleon/ga65.png',
            'status': 'downloaded',
            'url': 'https://images.salsify.com/image/upload/s--XrdHKLIL--/fl_attachment/yfzxcujtlgqvvepq9pnz.png?image_name=ga65'}],
 'image_brand': 'Napoleon',
 'image_name': 'ga65'}
2021-05-26 19:25:12 [scrapy.core.engine] DEBUG: Crawled (404) <GET https://app.salsify.com/catalogs/api/catalogs/44c36744-43f9-447b-9e90-7615b76afbe5/products/EFL42> (referer: None)
2021-05-26 19:25:12 [scrapy.core.engine] DEBUG: Crawled (404) <GET https://app.salsify.com/catalogs/api/catalogs/44c36744-43f9-447b-9e90-7615b76afbe5/products/NEFV38> (referer: None)
2021-05-26 19:25:12 [scrapy.core.engine] DEBUG: Crawled (404) <GET https://app.salsify.com/catalogs/api/catalogs/44c36744-43f9-447b-9e90-7615b76afbe5/products/W190-0051> (referer: None)
2021-05-26 19:25:12 [scrapy.core.engine] DEBUG: Crawled (200) <GET https://images.salsify.com/image/upload/s--XrdHKLIL--/fl_attachment/yfzxcujtlgqvvepq9pnz.png?image_name=acs-1> (referer: None)
2021-05-26 19:25:12 [scrapy.pipelines.files] DEBUG: File (downloaded): Downloaded file from <GET https://images.salsify.com/image/upload/s--XrdHKLIL--/fl_attachment/yfzxcujtlgqvvepq9pnz.png?image_name=acs-1> referred in <None>
2021-05-26 19:25:12 [scrapy.core.engine] DEBUG: Crawled (404) <GET https://app.salsify.com/catalogs/api/catalogs/44c36744-43f9-447b-9e90-7615b76afbe5/products/BFKL> (referer: None)
2021-05-26 19:25:12 [scrapy.core.engine] DEBUG: Crawled (404) <GET https://app.salsify.com/catalogs/api/catalogs/44c36744-43f9-447b-9e90-7615b76afbe5/products/B81NS> (referer: None)
2021-05-26 19:25:12 [scrapy.core.scraper] DEBUG: Scraped from <200 https://app.salsify.com/catalogs/api/catalogs/44c36744-43f9-447b-9e90-7615b76afbe5/products/AP8>
{'file_urls': ['https://images.salsify.com/image/upload/s--Npbd8THp--/fl_attachment/ofarsqqslgbiyq3oezhn.png?image_name=ap8'],
 'files': [{'checksum': 'a1554be8059d5b2e6845b419336f4324',
            'path': 'Napoleon/ap8.png',
            'status': 'downloaded',
            'url': 'https://images.salsify.com/image/upload/s--Npbd8THp--/fl_attachment/ofarsqqslgbiyq3oezhn.png?image_name=ap8'}],
 'image_brand': 'Napoleon',
 'image_name': 'ap8'}
2021-05-26 19:25:12 [scrapy.core.engine] DEBUG: Crawled (404) <GET https://app.salsify.com/catalogs/api/catalogs/44c36744-43f9-447b-9e90-7615b76afbe5/products/W565-0274-SER> (referer: None)
2021-05-26 19:25:12 [scrapy.core.engine] DEBUG: Crawled (404) <GET https://app.salsify.com/catalogs/api/catalogs/44c36744-43f9-447b-9e90-7615b76afbe5/products/EPAD-KTM> (referer: None)
2021-05-26 19:25:12 [scrapy.core.scraper] DEBUG: Scraped from <200 https://app.salsify.com/catalogs/api/catalogs/44c36744-43f9-447b-9e90-7615b76afbe5/products/ACS-1>
{'file_urls': ['https://images.salsify.com/image/upload/s--XrdHKLIL--/fl_attachment/yfzxcujtlgqvvepq9pnz.png?image_name=acs-1'],
 'files': [{'checksum': 'd98b70188aba8db5a6171936e77caa53',
            'path': 'Napoleon/acs-1.png',
            'status': 'downloaded',
            'url': 'https://images.salsify.com/image/upload/s--XrdHKLIL--/fl_attachment/yfzxcujtlgqvvepq9pnz.png?image_name=acs-1'}],
 'image_brand': 'Napoleon',
 'image_name': 'acs-1'}
2021-05-26 19:25:12 [scrapy.core.engine] DEBUG: Crawled (404) <GET https://app.salsify.com/catalogs/api/catalogs/44c36744-43f9-447b-9e90-7615b76afbe5/products/EPLM> (referer: None)
2021-05-26 19:25:13 [scrapy.core.engine] DEBUG: Crawled (404) <GET https://app.salsify.com/catalogs/api/catalogs/44c36744-43f9-447b-9e90-7615b76afbe5/products/BRTC7> (referer: None)
2021-05-26 19:25:13 [scrapy.core.engine] DEBUG: Crawled (404) <GET https://app.salsify.com/catalogs/api/catalogs/44c36744-43f9-447b-9e90-7615b76afbe5/products/N080-0274> (referer: None)
2021-05-26 19:25:13 [scrapy.core.engine] DEBUG: Crawled (404) <GET https://app.salsify.com/catalogs/api/catalogs/44c36744-43f9-447b-9e90-7615b76afbe5/products/B35NTL> (referer: None)
2021-05-26 19:25:13 [scrapy.core.engine] DEBUG: Crawled (200) <GET https://app.salsify.com/catalogs/api/catalogs/44c36744-43f9-447b-9e90-7615b76afbe5/products/BTAX36BK> (referer: None)
2021-05-26 19:25:13 [scrapy.core.engine] DEBUG: Crawled (404) <GET https://app.salsify.com/catalogs/api/catalogs/44c36744-43f9-447b-9e90-7615b76afbe5/products/FPZC-BNSB> (referer: None)
2021-05-26 19:25:13 [scrapy.core.engine] DEBUG: Crawled (200) <GET https://app.salsify.com/catalogs/api/catalogs/44c36744-43f9-447b-9e90-7615b76afbe5/products/EP65M> (referer: None)
2021-05-26 19:25:13 [scrapy.core.engine] DEBUG: Crawled (200) <GET https://app.salsify.com/catalogs/api/catalogs/44c36744-43f9-447b-9e90-7615b76afbe5/products/BM6790> (referer: None)
2021-05-26 19:25:13 [scrapy.core.engine] DEBUG: Crawled (200) <GET https://images.salsify.com/image/upload/s--kmdv4Qfb--/fl_attachment/cvvqjkpwjzwkxfhsdkh1.jpg?image_name=btax36bk> (referer: None)
2021-05-26 19:25:13 [scrapy.pipelines.files] DEBUG: File (downloaded): Downloaded file from <GET https://images.salsify.com/image/upload/s--kmdv4Qfb--/fl_attachment/cvvqjkpwjzwkxfhsdkh1.jpg?image_name=btax36bk> referred in <None>
2021-05-26 19:25:13 [scrapy.core.engine] DEBUG: Crawled (404) <GET https://app.salsify.com/catalogs/api/catalogs/44c36744-43f9-447b-9e90-7615b76afbe5/products/B35PTL> (referer: None)
2021-05-26 19:25:13 [scrapy.core.engine] DEBUG: Crawled (200) <GET https://images.salsify.com/image/upload/s--UH5liMH1--/fl_attachment/zybqis4bgcnc2dbpt3gd.jpg?image_name=ep65m> (referer: None)
2021-05-26 19:25:13 [scrapy.pipelines.files] DEBUG: File (downloaded): Downloaded file from <GET https://images.salsify.com/image/upload/s--UH5liMH1--/fl_attachment/zybqis4bgcnc2dbpt3gd.jpg?image_name=ep65m> referred in <None>
2021-05-26 19:25:13 [scrapy.core.engine] DEBUG: Crawled (404) <GET https://app.salsify.com/catalogs/api/catalogs/44c36744-43f9-447b-9e90-7615b76afbe5/products/F35K> (referer: None)
2021-05-26 19:25:13 [scrapy.core.engine] DEBUG: Crawled (200) <GET https://images.salsify.com/image/upload/s--XrdHKLIL--/fl_attachment/yfzxcujtlgqvvepq9pnz.png?image_name=bm6790> (referer: None)
2021-05-26 19:25:13 [scrapy.pipelines.files] DEBUG: File (downloaded): Downloaded file from <GET https://images.salsify.com/image/upload/s--XrdHKLIL--/fl_attachment/yfzxcujtlgqvvepq9pnz.png?image_name=bm6790> referred in <None>
2021-05-26 19:25:13 [scrapy.core.engine] DEBUG: Crawled (404) <GET https://app.salsify.com/catalogs/api/catalogs/44c36744-43f9-447b-9e90-7615b76afbe5/products/DTS4-SS> (referer: None)
2021-05-26 19:25:13 [scrapy.core.engine] DEBUG: Crawled (200) <GET https://app.salsify.com/catalogs/api/catalogs/44c36744-43f9-447b-9e90-7615b76afbe5/products/BM6745> (referer: None)
2021-05-26 19:25:13 [scrapy.core.engine] DEBUG: Crawled (404) <GET https://app.salsify.com/catalogs/api/catalogs/44c36744-43f9-447b-9e90-7615b76afbe5/products/NEFBD50H-SS> (referer: None)
2021-05-26 19:25:13 [scrapy.core.scraper] DEBUG: Scraped from <200 https://app.salsify.com/catalogs/api/catalogs/44c36744-43f9-447b-9e90-7615b76afbe5/products/BTAX36BK>
{'file_urls': ['https://images.salsify.com/image/upload/s--kmdv4Qfb--/fl_attachment/cvvqjkpwjzwkxfhsdkh1.jpg?image_name=btax36bk'],
 'files': [{'checksum': 'e1e873b038e3a28dc34c51ed1b0d25e6',
            'path': 'Napoleon/btax36bk.jpg',
            'status': 'downloaded',
            'url': 'https://images.salsify.com/image/upload/s--kmdv4Qfb--/fl_attachment/cvvqjkpwjzwkxfhsdkh1.jpg?image_name=btax36bk'}],
 'image_brand': 'Napoleon',
 'image_name': 'btax36bk'}
2021-05-26 19:25:13 [scrapy.core.engine] DEBUG: Crawled (404) <GET https://app.salsify.com/catalogs/api/catalogs/44c36744-43f9-447b-9e90-7615b76afbe5/products/W190-0128> (referer: None)
2021-05-26 19:25:13 [scrapy.core.engine] DEBUG: Crawled (404) <GET https://app.salsify.com/catalogs/api/catalogs/44c36744-43f9-447b-9e90-7615b76afbe5/products/NEFBD50H-SS-DTRM> (referer: None)
2021-05-26 19:25:13 [scrapy.core.scraper] DEBUG: Scraped from <200 https://app.salsify.com/catalogs/api/catalogs/44c36744-43f9-447b-9e90-7615b76afbe5/products/EP65M>
{'file_urls': ['https://images.salsify.com/image/upload/s--UH5liMH1--/fl_attachment/zybqis4bgcnc2dbpt3gd.jpg?image_name=ep65m'],
 'files': [{'checksum': '1d76d0cc2a31fbdb82cda9d2cbbd4db3',
            'path': 'Napoleon/ep65m.jpg',
            'status': 'downloaded',
            'url': 'https://images.salsify.com/image/upload/s--UH5liMH1--/fl_attachment/zybqis4bgcnc2dbpt3gd.jpg?image_name=ep65m'}],
 'image_brand': 'Napoleon',
 'image_name': 'ep65m'}
2021-05-26 19:25:13 [scrapy.core.scraper] DEBUG: Scraped from <200 https://app.salsify.com/catalogs/api/catalogs/44c36744-43f9-447b-9e90-7615b76afbe5/products/BM6790>
{'file_urls': ['https://images.salsify.com/image/upload/s--XrdHKLIL--/fl_attachment/yfzxcujtlgqvvepq9pnz.png?image_name=bm6790'],
 'files': [{'checksum': 'd98b70188aba8db5a6171936e77caa53',
            'path': 'Napoleon/bm6790.png',
            'status': 'downloaded',
            'url': 'https://images.salsify.com/image/upload/s--XrdHKLIL--/fl_attachment/yfzxcujtlgqvvepq9pnz.png?image_name=bm6790'}],
 'image_brand': 'Napoleon',
 'image_name': 'bm6790'}
2021-05-26 19:25:13 [scrapy.core.engine] DEBUG: Crawled (404) <GET https://app.salsify.com/catalogs/api/catalogs/44c36744-43f9-447b-9e90-7615b76afbe5/products/CFT36CV> (referer: None)
2021-05-26 19:25:13 [scrapy.core.engine] DEBUG: Crawled (200) <GET https://images.salsify.com/image/upload/s--XrdHKLIL--/fl_attachment/yfzxcujtlgqvvepq9pnz.png?image_name=bm6745> (referer: None)
2021-05-26 19:25:13 [scrapy.pipelines.files] DEBUG: File (downloaded): Downloaded file from <GET https://images.salsify.com/image/upload/s--XrdHKLIL--/fl_attachment/yfzxcujtlgqvvepq9pnz.png?image_name=bm6745> referred in <None>
2021-05-26 19:25:13 [scrapy.core.engine] DEBUG: Crawled (404) <GET https://app.salsify.com/catalogs/api/catalogs/44c36744-43f9-447b-9e90-7615b76afbe5/products/CM30> (referer: None)
2021-05-26 19:25:13 [scrapy.core.engine] DEBUG: Crawled (404) <GET https://app.salsify.com/catalogs/api/catalogs/44c36744-43f9-447b-9e90-7615b76afbe5/products/GD866KT> (referer: None)
2021-05-26 19:25:13 [scrapy.core.engine] DEBUG: Crawled (404) <GET https://app.salsify.com/catalogs/api/catalogs/44c36744-43f9-447b-9e90-7615b76afbe5/products/GD864KT> (referer: None)
2021-05-26 19:25:13 [scrapy.core.engine] DEBUG: Crawled (404) <GET https://app.salsify.com/catalogs/api/catalogs/44c36744-43f9-447b-9e90-7615b76afbe5/products/GD867KT> (referer: None)
2021-05-26 19:25:13 [scrapy.core.scraper] DEBUG: Scraped from <200 https://app.salsify.com/catalogs/api/catalogs/44c36744-43f9-447b-9e90-7615b76afbe5/products/BM6745>
{'file_urls': ['https://images.salsify.com/image/upload/s--XrdHKLIL--/fl_attachment/yfzxcujtlgqvvepq9pnz.png?image_name=bm6745'],
 'files': [{'checksum': 'd98b70188aba8db5a6171936e77caa53',
            'path': 'Napoleon/bm6745.png',
            'status': 'downloaded',
            'url': 'https://images.salsify.com/image/upload/s--XrdHKLIL--/fl_attachment/yfzxcujtlgqvvepq9pnz.png?image_name=bm6745'}],
 'image_brand': 'Napoleon',
 'image_name': 'bm6745'}
2021-05-26 19:25:13 [scrapy.core.engine] DEBUG: Crawled (404) <GET https://app.salsify.com/catalogs/api/catalogs/44c36744-43f9-447b-9e90-7615b76afbe5/products/DLE,%20W655-0610K> (referer: None)
2021-05-26 19:25:13 [scrapy.core.engine] DEBUG: Crawled (404) <GET https://app.salsify.com/catalogs/api/catalogs/44c36744-43f9-447b-9e90-7615b76afbe5/products/LDS45WSB> (referer: None)
2021-05-26 19:25:13 [scrapy.core.engine] DEBUG: Crawled (404) <GET https://app.salsify.com/catalogs/api/catalogs/44c36744-43f9-447b-9e90-7615b76afbe5/products/NEFBD50H-DTRM> (referer: None)
2021-05-26 19:25:13 [scrapy.core.engine] DEBUG: Crawled (404) <GET https://app.salsify.com/catalogs/api/catalogs/44c36744-43f9-447b-9e90-7615b76afbe5/products/DLE,%20W655-0610K> (referer: None)
2021-05-26 19:25:13 [scrapy.core.engine] DEBUG: Crawled (404) <GET https://app.salsify.com/catalogs/api/catalogs/44c36744-43f9-447b-9e90-7615b76afbe5/products/DL62> (referer: None)
2021-05-26 19:25:13 [scrapy.core.engine] DEBUG: Crawled (404) <GET https://app.salsify.com/catalogs/api/catalogs/44c36744-43f9-447b-9e90-7615b76afbe5/products/DLR35> (referer: None)
2021-05-26 19:25:13 [scrapy.core.engine] DEBUG: Crawled (200) <GET https://app.salsify.com/catalogs/api/catalogs/44c36744-43f9-447b-9e90-7615b76afbe5/products/DHCEX> (referer: None)
2021-05-26 19:25:13 [scrapy.core.engine] DEBUG: Crawled (200) <GET https://app.salsify.com/catalogs/api/catalogs/44c36744-43f9-447b-9e90-7615b76afbe5/products/DLTL> (referer: None)
2021-05-26 19:25:13 [scrapy.core.engine] DEBUG: Crawled (200) <GET https://app.salsify.com/catalogs/api/catalogs/44c36744-43f9-447b-9e90-7615b76afbe5/products/DHCL1> (referer: None)
2021-05-26 19:25:14 [scrapy.core.engine] DEBUG: Crawled (404) <GET https://app.salsify.com/catalogs/api/catalogs/44c36744-43f9-447b-9e90-7615b76afbe5/products/DLE> (referer: None)
2021-05-26 19:25:14 [scrapy.core.engine] DEBUG: Crawled (200) <GET https://app.salsify.com/catalogs/api/catalogs/44c36744-43f9-447b-9e90-7615b76afbe5/products/DHCP-BK> (referer: None)
2021-05-26 19:25:14 [scrapy.core.engine] DEBUG: Crawled (200) <GET https://app.salsify.com/catalogs/api/catalogs/44c36744-43f9-447b-9e90-7615b76afbe5/products/DHCL2> (referer: None)
2021-05-26 19:25:14 [scrapy.core.engine] DEBUG: Crawled (200) <GET https://images.salsify.com/image/upload/s--c9eCJGSh--/fl_attachment/yxk1e4d83oop42n1a1fe.jpg?image_name=dhcex> (referer: None)
2021-05-26 19:25:14 [scrapy.pipelines.files] DEBUG: File (downloaded): Downloaded file from <GET https://images.salsify.com/image/upload/s--c9eCJGSh--/fl_attachment/yxk1e4d83oop42n1a1fe.jpg?image_name=dhcex> referred in <None>
2021-05-26 19:25:14 [scrapy.core.engine] DEBUG: Crawled (200) <GET https://images.salsify.com/image/upload/s--Q3aDIHbW--/fl_attachment/erqyzwdgw2uyxhffmfdf.jpg?image_name=dltl> (referer: None)
2021-05-26 19:25:14 [scrapy.pipelines.files] DEBUG: File (downloaded): Downloaded file from <GET https://images.salsify.com/image/upload/s--Q3aDIHbW--/fl_attachment/erqyzwdgw2uyxhffmfdf.jpg?image_name=dltl> referred in <None>
2021-05-26 19:25:14 [scrapy.core.engine] DEBUG: Crawled (200) <GET https://images.salsify.com/image/upload/s--sbA-9eIY--/fl_attachment/czlqytrdzpupwlkjlkjp.png?image_name=dhcl1> (referer: None)
2021-05-26 19:25:14 [scrapy.pipelines.files] DEBUG: File (downloaded): Downloaded file from <GET https://images.salsify.com/image/upload/s--sbA-9eIY--/fl_attachment/czlqytrdzpupwlkjlkjp.png?image_name=dhcl1> referred in <None>
2021-05-26 19:25:14 [scrapy.core.engine] DEBUG: Crawled (200) <GET https://app.salsify.com/catalogs/api/catalogs/44c36744-43f9-447b-9e90-7615b76afbe5/products/DHCP-HK> (referer: None)
2021-05-26 19:25:14 [scrapy.core.engine] DEBUG: Crawled (200) <GET https://app.salsify.com/catalogs/api/catalogs/44c36744-43f9-447b-9e90-7615b76afbe5/products/DLTM> (referer: None)
2021-05-26 19:25:14 [scrapy.core.scraper] DEBUG: Scraped from <200 https://app.salsify.com/catalogs/api/catalogs/44c36744-43f9-447b-9e90-7615b76afbe5/products/DHCEX>
{'file_urls': ['https://images.salsify.com/image/upload/s--c9eCJGSh--/fl_attachment/yxk1e4d83oop42n1a1fe.jpg?image_name=dhcex'],
 'files': [{'checksum': '8086763b1aade658076df25e4dbd9771',
            'path': 'Napoleon/dhcex.jpg',
            'status': 'downloaded',
            'url': 'https://images.salsify.com/image/upload/s--c9eCJGSh--/fl_attachment/yxk1e4d83oop42n1a1fe.jpg?image_name=dhcex'}],
 'image_brand': 'Napoleon',
 'image_name': 'dhcex'}
2021-05-26 19:25:14 [scrapy.core.engine] DEBUG: Crawled (404) <GET https://app.salsify.com/catalogs/api/catalogs/44c36744-43f9-447b-9e90-7615b76afbe5/products/FPK-> (referer: None)
2021-05-26 19:25:14 [scrapy.core.scraper] DEBUG: Scraped from <200 https://app.salsify.com/catalogs/api/catalogs/44c36744-43f9-447b-9e90-7615b76afbe5/products/DLTL>
{'file_urls': ['https://images.salsify.com/image/upload/s--Q3aDIHbW--/fl_attachment/erqyzwdgw2uyxhffmfdf.jpg?image_name=dltl'],
 'files': [{'checksum': '773e431d1a9de2ea5403323ca656cac6',
            'path': 'Napoleon/dltl.jpg',
            'status': 'downloaded',
            'url': 'https://images.salsify.com/image/upload/s--Q3aDIHbW--/fl_attachment/erqyzwdgw2uyxhffmfdf.jpg?image_name=dltl'}],
 'image_brand': 'Napoleon',
 'image_name': 'dltl'}
2021-05-26 19:25:14 [scrapy.core.engine] DEBUG: Crawled (200) <GET https://images.salsify.com/image/upload/s--sbA-9eIY--/fl_attachment/czlqytrdzpupwlkjlkjp.png?image_name=dhcl2> (referer: None)
2021-05-26 19:25:14 [scrapy.pipelines.files] DEBUG: File (downloaded): Downloaded file from <GET https://images.salsify.com/image/upload/s--sbA-9eIY--/fl_attachment/czlqytrdzpupwlkjlkjp.png?image_name=dhcl2> referred in <None>
2021-05-26 19:25:14 [scrapy.core.scraper] DEBUG: Scraped from <200 https://app.salsify.com/catalogs/api/catalogs/44c36744-43f9-447b-9e90-7615b76afbe5/products/DHCL1>
{'file_urls': ['https://images.salsify.com/image/upload/s--sbA-9eIY--/fl_attachment/czlqytrdzpupwlkjlkjp.png?image_name=dhcl1'],
 'files': [{'checksum': '61764273cf2a833e586ac1fb6c6ee6cd',
            'path': 'Napoleon/dhcl1.png',
            'status': 'downloaded',
            'url': 'https://images.salsify.com/image/upload/s--sbA-9eIY--/fl_attachment/czlqytrdzpupwlkjlkjp.png?image_name=dhcl1'}],
 'image_brand': 'Napoleon',
 'image_name': 'dhcl1'}
2021-05-26 19:25:14 [scrapy.core.engine] DEBUG: Crawled (200) <GET https://app.salsify.com/catalogs/api/catalogs/44c36744-43f9-447b-9e90-7615b76afbe5/products/DHCP-EK> (referer: None)
2021-05-26 19:25:14 [scrapy.core.engine] DEBUG: Crawled (200) <GET https://app.salsify.com/catalogs/api/catalogs/44c36744-43f9-447b-9e90-7615b76afbe5/products/EP36> (referer: None)
2021-05-26 19:25:14 [scrapy.core.scraper] DEBUG: Scraped from <200 https://app.salsify.com/catalogs/api/catalogs/44c36744-43f9-447b-9e90-7615b76afbe5/products/DHCL2>
{'file_urls': ['https://images.salsify.com/image/upload/s--sbA-9eIY--/fl_attachment/czlqytrdzpupwlkjlkjp.png?image_name=dhcl2'],
 'files': [{'checksum': '61764273cf2a833e586ac1fb6c6ee6cd',
            'path': 'Napoleon/dhcl2.png',
            'status': 'downloaded',
            'url': 'https://images.salsify.com/image/upload/s--sbA-9eIY--/fl_attachment/czlqytrdzpupwlkjlkjp.png?image_name=dhcl2'}],
 'image_brand': 'Napoleon',
 'image_name': 'dhcl2'}
2021-05-26 19:25:14 [scrapy.core.engine] DEBUG: Crawled (404) <GET https://app.salsify.com/catalogs/api/catalogs/44c36744-43f9-447b-9e90-7615b76afbe5/products/HOIK-3> (referer: None)
2021-05-26 19:25:14 [scrapy.core.engine] DEBUG: Crawled (404) <GET https://app.salsify.com/catalogs/api/catalogs/44c36744-43f9-447b-9e90-7615b76afbe5/products/EI-900M10> (referer: None)
2021-05-26 19:25:14 [scrapy.core.engine] DEBUG: Crawled (404) <GET https://app.salsify.com/catalogs/api/catalogs/44c36744-43f9-447b-9e90-7615b76afbe5/products/EP62M> (referer: None)
2021-05-26 19:25:14 [scrapy.core.engine] DEBUG: Crawled (404) <GET https://app.salsify.com/catalogs/api/catalogs/44c36744-43f9-447b-9e90-7615b76afbe5/products/W565-0285-SER> (referer: None)
2021-05-26 19:25:14 [scrapy.core.engine] DEBUG: Crawled (404) <GET https://app.salsify.com/catalogs/api/catalogs/44c36744-43f9-447b-9e90-7615b76afbe5/products/HOISS-3> (referer: None)
2021-05-26 19:25:14 [scrapy.core.engine] DEBUG: Crawled (404) <GET https://app.salsify.com/catalogs/api/catalogs/44c36744-43f9-447b-9e90-7615b76afbe5/products/B35NG> (referer: None)
2021-05-26 19:25:14 [scrapy.core.engine] DEBUG: Crawled (200) <GET https://images.salsify.com/image/upload/s--Cia09Yh2--/fl_attachment/vxvuvhfqanzlqgj4efjg.png?image_name=dhcp-bk> (referer: None)
2021-05-26 19:25:14 [scrapy.pipelines.files] DEBUG: File (downloaded): Downloaded file from <GET https://images.salsify.com/image/upload/s--Cia09Yh2--/fl_attachment/vxvuvhfqanzlqgj4efjg.png?image_name=dhcp-bk> referred in <None>
2021-05-26 19:25:14 [scrapy.core.engine] DEBUG: Crawled (404) <GET https://app.salsify.com/catalogs/api/catalogs/44c36744-43f9-447b-9e90-7615b76afbe5/products/GBAT> (referer: None)
2021-05-26 19:25:14 [scrapy.core.engine] DEBUG: Crawled (200) <GET https://images.salsify.com/image/upload/s--8RW5B-zB--/fl_attachment/ro5wreg7l6ep2uifbecl.jpg?image_name=dltm> (referer: None)
2021-05-26 19:25:14 [scrapy.pipelines.files] DEBUG: File (downloaded): Downloaded file from <GET https://images.salsify.com/image/upload/s--8RW5B-zB--/fl_attachment/ro5wreg7l6ep2uifbecl.jpg?image_name=dltm> referred in <None>
2021-05-26 19:25:14 [scrapy.core.engine] DEBUG: Crawled (200) <GET https://images.salsify.com/image/upload/s--Z-eX3whv--/fl_attachment/jojadsxt9pxr1925tld8.png?image_name=dhcp-hk> (referer: None)
2021-05-26 19:25:14 [scrapy.pipelines.files] DEBUG: File (downloaded): Downloaded file from <GET https://images.salsify.com/image/upload/s--Z-eX3whv--/fl_attachment/jojadsxt9pxr1925tld8.png?image_name=dhcp-hk> referred in <None>
2021-05-26 19:25:14 [scrapy.core.scraper] DEBUG: Scraped from <200 https://app.salsify.com/catalogs/api/catalogs/44c36744-43f9-447b-9e90-7615b76afbe5/products/DHCP-BK>
{'file_urls': ['https://images.salsify.com/image/upload/s--Cia09Yh2--/fl_attachment/vxvuvhfqanzlqgj4efjg.png?image_name=dhcp-bk'],
 'files': [{'checksum': 'fd43786b618c80d9eedd167bf591e407',
            'path': 'Napoleon/dhcp-bk.png',
            'status': 'downloaded',
            'url': 'https://images.salsify.com/image/upload/s--Cia09Yh2--/fl_attachment/vxvuvhfqanzlqgj4efjg.png?image_name=dhcp-bk'}],
 'image_brand': 'Napoleon',
 'image_name': 'dhcp-bk'}
2021-05-26 19:25:14 [scrapy.core.engine] DEBUG: Crawled (200) <GET https://images.salsify.com/image/upload/s--XrdHKLIL--/fl_attachment/yfzxcujtlgqvvepq9pnz.png?image_name=ep36> (referer: None)
2021-05-26 19:25:14 [scrapy.pipelines.files] DEBUG: File (downloaded): Downloaded file from <GET https://images.salsify.com/image/upload/s--XrdHKLIL--/fl_attachment/yfzxcujtlgqvvepq9pnz.png?image_name=ep36> referred in <None>
2021-05-26 19:25:14 [scrapy.core.engine] DEBUG: Crawled (200) <GET https://app.salsify.com/catalogs/api/catalogs/44c36744-43f9-447b-9e90-7615b76afbe5/products/GD-110> (referer: None)
2021-05-26 19:25:14 [scrapy.core.engine] DEBUG: Crawled (404) <GET https://app.salsify.com/catalogs/api/catalogs/44c36744-43f9-447b-9e90-7615b76afbe5/products/W010-4189-SER> (referer: None)
2021-05-26 19:25:14 [scrapy.core.scraper] DEBUG: Scraped from <200 https://app.salsify.com/catalogs/api/catalogs/44c36744-43f9-447b-9e90-7615b76afbe5/products/DLTM>
{'file_urls': ['https://images.salsify.com/image/upload/s--8RW5B-zB--/fl_attachment/ro5wreg7l6ep2uifbecl.jpg?image_name=dltm'],
 'files': [{'checksum': '773e431d1a9de2ea5403323ca656cac6',
            'path': 'Napoleon/dltm.jpg',
            'status': 'downloaded',
            'url': 'https://images.salsify.com/image/upload/s--8RW5B-zB--/fl_attachment/ro5wreg7l6ep2uifbecl.jpg?image_name=dltm'}],
 'image_brand': 'Napoleon',
 'image_name': 'dltm'}
2021-05-26 19:25:14 [scrapy.core.engine] DEBUG: Crawled (200) <GET https://app.salsify.com/catalogs/api/catalogs/44c36744-43f9-447b-9e90-7615b76afbe5/products/GD-222R> (referer: None)
2021-05-26 19:25:14 [scrapy.core.scraper] DEBUG: Scraped from <200 https://app.salsify.com/catalogs/api/catalogs/44c36744-43f9-447b-9e90-7615b76afbe5/products/DHCP-HK>
{'file_urls': ['https://images.salsify.com/image/upload/s--Z-eX3whv--/fl_attachment/jojadsxt9pxr1925tld8.png?image_name=dhcp-hk'],
 'files': [{'checksum': 'ce35003341ffa772d476afdc8fc7110b',
            'path': 'Napoleon/dhcp-hk.png',
            'status': 'downloaded',
            'url': 'https://images.salsify.com/image/upload/s--Z-eX3whv--/fl_attachment/jojadsxt9pxr1925tld8.png?image_name=dhcp-hk'}],
 'image_brand': 'Napoleon',
 'image_name': 'dhcp-hk'}
2021-05-26 19:25:14 [scrapy.core.scraper] DEBUG: Scraped from <200 https://app.salsify.com/catalogs/api/catalogs/44c36744-43f9-447b-9e90-7615b76afbe5/products/EP36>
{'file_urls': ['https://images.salsify.com/image/upload/s--XrdHKLIL--/fl_attachment/yfzxcujtlgqvvepq9pnz.png?image_name=ep36'],
 'files': [{'checksum': 'd98b70188aba8db5a6171936e77caa53',
            'path': 'Napoleon/ep36.png',
            'status': 'downloaded',
            'url': 'https://images.salsify.com/image/upload/s--XrdHKLIL--/fl_attachment/yfzxcujtlgqvvepq9pnz.png?image_name=ep36'}],
 'image_brand': 'Napoleon',
 'image_name': 'ep36'}
2021-05-26 19:25:14 [scrapy.core.engine] DEBUG: Crawled (200) <GET https://app.salsify.com/catalogs/api/catalogs/44c36744-43f9-447b-9e90-7615b76afbe5/products/GD-201> (referer: None)
2021-05-26 19:25:14 [scrapy.core.engine] DEBUG: Crawled (200) <GET https://app.salsify.com/catalogs/api/catalogs/44c36744-43f9-447b-9e90-7615b76afbe5/products/GD-111> (referer: None)
2021-05-26 19:25:14 [scrapy.core.engine] DEBUG: Crawled (200) <GET https://app.salsify.com/catalogs/api/catalogs/44c36744-43f9-447b-9e90-7615b76afbe5/products/GD36> (referer: None)
2021-05-26 19:25:14 [scrapy.core.engine] DEBUG: Crawled (200) <GET https://images.salsify.com/image/upload/s--lfVWgRwZ--/fl_attachment/oqjhwwaglwm7utbj3mjl.jpg?image_name=gd-110> (referer: None)
2021-05-26 19:25:14 [scrapy.pipelines.files] DEBUG: File (downloaded): Downloaded file from <GET https://images.salsify.com/image/upload/s--lfVWgRwZ--/fl_attachment/oqjhwwaglwm7utbj3mjl.jpg?image_name=gd-110> referred in <None>
2021-05-26 19:25:14 [scrapy.core.engine] DEBUG: Crawled (200) <GET https://images.salsify.com/image/upload/s--WYoAmvDp--/fl_attachment/mi5bndblesvhbfjz0vad.png?image_name=dhcp-ek> (referer: None)
2021-05-26 19:25:14 [scrapy.pipelines.files] DEBUG: File (downloaded): Downloaded file from <GET https://images.salsify.com/image/upload/s--WYoAmvDp--/fl_attachment/mi5bndblesvhbfjz0vad.png?image_name=dhcp-ek> referred in <None>
2021-05-26 19:25:14 [scrapy.core.engine] DEBUG: Crawled (200) <GET https://app.salsify.com/catalogs/api/catalogs/44c36744-43f9-447b-9e90-7615b76afbe5/products/GD401> (referer: None)
2021-05-26 19:25:14 [scrapy.core.engine] DEBUG: Crawled (200) <GET https://images.salsify.com/image/upload/s--sUI-QFbk--/fl_attachment/dcbn29cqxpqsqe7taorj.jpg?image_name=gd-222r> (referer: None)
2021-05-26 19:25:14 [scrapy.pipelines.files] DEBUG: File (downloaded): Downloaded file from <GET https://images.salsify.com/image/upload/s--sUI-QFbk--/fl_attachment/dcbn29cqxpqsqe7taorj.jpg?image_name=gd-222r> referred in <None>
2021-05-26 19:25:14 [scrapy.core.engine] DEBUG: Crawled (404) <GET https://app.salsify.com/catalogs/api/catalogs/44c36744-43f9-447b-9e90-7615b76afbe5/products/GD610> (referer: None)
2021-05-26 19:25:14 [scrapy.core.engine] DEBUG: Crawled (404) <GET https://app.salsify.com/catalogs/api/catalogs/44c36744-43f9-447b-9e90-7615b76afbe5/products/GD611> (referer: None)
2021-05-26 19:25:14 [scrapy.core.engine] DEBUG: Crawled (404) <GET https://app.salsify.com/catalogs/api/catalogs/44c36744-43f9-447b-9e90-7615b76afbe5/products/GD612> (referer: None)
2021-05-26 19:25:14 [scrapy.core.engine] DEBUG: Crawled (200) <GET https://images.salsify.com/image/upload/s--4RQkRjlu--/fl_attachment/oiptyizdzic70zjt83mp.jpg?image_name=gd-201> (referer: None)
2021-05-26 19:25:14 [scrapy.pipelines.files] DEBUG: File (downloaded): Downloaded file from <GET https://images.salsify.com/image/upload/s--4RQkRjlu--/fl_attachment/oiptyizdzic70zjt83mp.jpg?image_name=gd-201> referred in <None>
2021-05-26 19:25:14 [scrapy.core.scraper] DEBUG: Scraped from <200 https://app.salsify.com/catalogs/api/catalogs/44c36744-43f9-447b-9e90-7615b76afbe5/products/GD-110>
{'file_urls': ['https://images.salsify.com/image/upload/s--lfVWgRwZ--/fl_attachment/oqjhwwaglwm7utbj3mjl.jpg?image_name=gd-110'],
 'files': [{'checksum': '8069e8183d100b628a77c8104e22e5d1',
            'path': 'Napoleon/gd-110.jpg',
            'status': 'downloaded',
            'url': 'https://images.salsify.com/image/upload/s--lfVWgRwZ--/fl_attachment/oqjhwwaglwm7utbj3mjl.jpg?image_name=gd-110'}],
 'image_brand': 'Napoleon',
 'image_name': 'gd-110'}
2021-05-26 19:25:14 [scrapy.core.scraper] DEBUG: Scraped from <200 https://app.salsify.com/catalogs/api/catalogs/44c36744-43f9-447b-9e90-7615b76afbe5/products/DHCP-EK>
{'file_urls': ['https://images.salsify.com/image/upload/s--WYoAmvDp--/fl_attachment/mi5bndblesvhbfjz0vad.png?image_name=dhcp-ek'],
 'files': [{'checksum': '06e8079158fb38ba1b0a05dcc53f8ae6',
            'path': 'Napoleon/dhcp-ek.png',
            'status': 'downloaded',
            'url': 'https://images.salsify.com/image/upload/s--WYoAmvDp--/fl_attachment/mi5bndblesvhbfjz0vad.png?image_name=dhcp-ek'}],
 'image_brand': 'Napoleon',
 'image_name': 'dhcp-ek'}
2021-05-26 19:25:14 [scrapy.core.engine] DEBUG: Crawled (200) <GET https://images.salsify.com/image/upload/s--Jjrf58vb--/fl_attachment/ktgavvfth5ygy0k4oqe6.jpg?image_name=gd-111> (referer: None)
2021-05-26 19:25:14 [scrapy.pipelines.files] DEBUG: File (downloaded): Downloaded file from <GET https://images.salsify.com/image/upload/s--Jjrf58vb--/fl_attachment/ktgavvfth5ygy0k4oqe6.jpg?image_name=gd-111> referred in <None>
2021-05-26 19:25:14 [scrapy.core.engine] DEBUG: Crawled (404) <GET https://app.salsify.com/catalogs/api/catalogs/44c36744-43f9-447b-9e90-7615b76afbe5/products/GD630> (referer: None)
2021-05-26 19:25:14 [scrapy.core.engine] DEBUG: Crawled (200) <GET https://images.salsify.com/image/upload/s--XrdHKLIL--/fl_attachment/yfzxcujtlgqvvepq9pnz.png?image_name=gd36> (referer: None)
2021-05-26 19:25:14 [scrapy.pipelines.files] DEBUG: File (downloaded): Downloaded file from <GET https://images.salsify.com/image/upload/s--XrdHKLIL--/fl_attachment/yfzxcujtlgqvvepq9pnz.png?image_name=gd36> referred in <None>
2021-05-26 19:25:14 [scrapy.core.scraper] DEBUG: Scraped from <200 https://app.salsify.com/catalogs/api/catalogs/44c36744-43f9-447b-9e90-7615b76afbe5/products/GD-222R>
{'file_urls': ['https://images.salsify.com/image/upload/s--sUI-QFbk--/fl_attachment/dcbn29cqxpqsqe7taorj.jpg?image_name=gd-222r'],
 'files': [{'checksum': 'a90356e3ee1d539159bc28907fd24c66',
            'path': 'Napoleon/gd-222r.jpg',
            'status': 'downloaded',
            'url': 'https://images.salsify.com/image/upload/s--sUI-QFbk--/fl_attachment/dcbn29cqxpqsqe7taorj.jpg?image_name=gd-222r'}],
 'image_brand': 'Napoleon',
 'image_name': 'gd-222r'}
2021-05-26 19:25:14 [scrapy.core.engine] DEBUG: Crawled (200) <GET https://images.salsify.com/image/upload/s--UtGWmQVE--/fl_attachment/kqrpjmxeng2opxzyrdi3.jpg?image_name=gd401> (referer: None)
2021-05-26 19:25:14 [scrapy.pipelines.files] DEBUG: File (downloaded): Downloaded file from <GET https://images.salsify.com/image/upload/s--UtGWmQVE--/fl_attachment/kqrpjmxeng2opxzyrdi3.jpg?image_name=gd401> referred in <None>
2021-05-26 19:25:14 [scrapy.core.engine] DEBUG: Crawled (404) <GET https://app.salsify.com/catalogs/api/catalogs/44c36744-43f9-447b-9e90-7615b76afbe5/products/GD620> (referer: None)
2021-05-26 19:25:14 [scrapy.core.scraper] DEBUG: Scraped from <200 https://app.salsify.com/catalogs/api/catalogs/44c36744-43f9-447b-9e90-7615b76afbe5/products/GD-201>
{'file_urls': ['https://images.salsify.com/image/upload/s--4RQkRjlu--/fl_attachment/oiptyizdzic70zjt83mp.jpg?image_name=gd-201'],
 'files': [{'checksum': '9b04f5460101f8d8530c089d83f5cb09',
            'path': 'Napoleon/gd-201.jpg',
            'status': 'downloaded',
            'url': 'https://images.salsify.com/image/upload/s--4RQkRjlu--/fl_attachment/oiptyizdzic70zjt83mp.jpg?image_name=gd-201'}],
 'image_brand': 'Napoleon',
 'image_name': 'gd-201'}
2021-05-26 19:25:14 [scrapy.core.engine] DEBUG: Crawled (404) <GET https://app.salsify.com/catalogs/api/catalogs/44c36744-43f9-447b-9e90-7615b76afbe5/products/GD820> (referer: None)
2021-05-26 19:25:14 [scrapy.core.scraper] DEBUG: Scraped from <200 https://app.salsify.com/catalogs/api/catalogs/44c36744-43f9-447b-9e90-7615b76afbe5/products/GD-111>
{'file_urls': ['https://images.salsify.com/image/upload/s--Jjrf58vb--/fl_attachment/ktgavvfth5ygy0k4oqe6.jpg?image_name=gd-111'],
 'files': [{'checksum': '80e500ea3853ba93afb5b4bdac986ebe',
            'path': 'Napoleon/gd-111.jpg',
            'status': 'downloaded',
            'url': 'https://images.salsify.com/image/upload/s--Jjrf58vb--/fl_attachment/ktgavvfth5ygy0k4oqe6.jpg?image_name=gd-111'}],
 'image_brand': 'Napoleon',
 'image_name': 'gd-111'}
2021-05-26 19:25:14 [scrapy.core.engine] DEBUG: Crawled (404) <GET https://app.salsify.com/catalogs/api/catalogs/44c36744-43f9-447b-9e90-7615b76afbe5/products/GD812-KT> (referer: None)
2021-05-26 19:25:15 [scrapy.core.scraper] DEBUG: Scraped from <200 https://app.salsify.com/catalogs/api/catalogs/44c36744-43f9-447b-9e90-7615b76afbe5/products/GD36>
{'file_urls': ['https://images.salsify.com/image/upload/s--XrdHKLIL--/fl_attachment/yfzxcujtlgqvvepq9pnz.png?image_name=gd36'],
 'files': [{'checksum': 'd98b70188aba8db5a6171936e77caa53',
            'path': 'Napoleon/gd36.png',
            'status': 'downloaded',
            'url': 'https://images.salsify.com/image/upload/s--XrdHKLIL--/fl_attachment/yfzxcujtlgqvvepq9pnz.png?image_name=gd36'}],
 'image_brand': 'Napoleon',
 'image_name': 'gd36'}
2021-05-26 19:25:15 [scrapy.core.engine] DEBUG: Crawled (404) <GET https://app.salsify.com/catalogs/api/catalogs/44c36744-43f9-447b-9e90-7615b76afbe5/products/GD853KT> (referer: None)
2021-05-26 19:25:15 [scrapy.core.scraper] DEBUG: Scraped from <200 https://app.salsify.com/catalogs/api/catalogs/44c36744-43f9-447b-9e90-7615b76afbe5/products/GD401>
{'file_urls': ['https://images.salsify.com/image/upload/s--UtGWmQVE--/fl_attachment/kqrpjmxeng2opxzyrdi3.jpg?image_name=gd401'],
 'files': [{'checksum': '6cc5724394016b65fa7ce41122477b6a',
            'path': 'Napoleon/gd401.jpg',
            'status': 'downloaded',
            'url': 'https://images.salsify.com/image/upload/s--UtGWmQVE--/fl_attachment/kqrpjmxeng2opxzyrdi3.jpg?image_name=gd401'}],
 'image_brand': 'Napoleon',
 'image_name': 'gd401'}
2021-05-26 19:25:15 [scrapy.core.engine] DEBUG: Crawled (404) <GET https://app.salsify.com/catalogs/api/catalogs/44c36744-43f9-447b-9e90-7615b76afbe5/products/GD567> (referer: None)
2021-05-26 19:25:15 [scrapy.core.engine] DEBUG: Crawled (404) <GET https://app.salsify.com/catalogs/api/catalogs/44c36744-43f9-447b-9e90-7615b76afbe5/products/GD854KT> (referer: None)
2021-05-26 19:25:15 [scrapy.core.engine] DEBUG: Crawled (404) <GET https://app.salsify.com/catalogs/api/catalogs/44c36744-43f9-447b-9e90-7615b76afbe5/products/GD613> (referer: None)
2021-05-26 19:25:15 [scrapy.core.engine] DEBUG: Crawled (404) <GET https://app.salsify.com/catalogs/api/catalogs/44c36744-43f9-447b-9e90-7615b76afbe5/products/GD870KT> (referer: None)
2021-05-26 19:25:15 [scrapy.core.engine] DEBUG: Crawled (404) <GET https://app.salsify.com/catalogs/api/catalogs/44c36744-43f9-447b-9e90-7615b76afbe5/products/GD861KT> (referer: None)
2021-05-26 19:25:15 [scrapy.core.engine] DEBUG: Crawled (404) <GET https://app.salsify.com/catalogs/api/catalogs/44c36744-43f9-447b-9e90-7615b76afbe5/products/GD865KT> (referer: None)
2021-05-26 19:25:15 [scrapy.core.engine] DEBUG: Crawled (404) <GET https://app.salsify.com/catalogs/api/catalogs/44c36744-43f9-447b-9e90-7615b76afbe5/products/GD849KT> (referer: None)
2021-05-26 19:25:15 [scrapy.core.engine] DEBUG: Crawled (200) <GET https://app.salsify.com/catalogs/api/catalogs/44c36744-43f9-447b-9e90-7615b76afbe5/products/GD-220> (referer: None)
2021-05-26 19:25:15 [scrapy.core.engine] DEBUG: Crawled (404) <GET https://app.salsify.com/catalogs/api/catalogs/44c36744-43f9-447b-9e90-7615b76afbe5/products/GD622R> (referer: None)
2021-05-26 19:25:15 [scrapy.core.engine] DEBUG: Crawled (404) <GET https://app.salsify.com/catalogs/api/catalogs/44c36744-43f9-447b-9e90-7615b76afbe5/products/GD872KT> (referer: None)
2021-05-26 19:25:15 [scrapy.core.engine] DEBUG: Crawled (404) <GET https://app.salsify.com/catalogs/api/catalogs/44c36744-43f9-447b-9e90-7615b76afbe5/products/W565-0209-SER> (referer: None)
2021-05-26 19:25:15 [scrapy.core.engine] DEBUG: Crawled (404) <GET https://app.salsify.com/catalogs/api/catalogs/44c36744-43f9-447b-9e90-7615b76afbe5/products/FPK-> (referer: None)
2021-05-26 19:25:15 [scrapy.core.engine] DEBUG: Crawled (200) <GET https://images.salsify.com/image/upload/s--D1PnvWcx--/fl_attachment/kojscm1w0aaxpemt66ch.jpg?image_name=gd-220> (referer: None)
2021-05-26 19:25:15 [scrapy.pipelines.files] DEBUG: File (downloaded): Downloaded file from <GET https://images.salsify.com/image/upload/s--D1PnvWcx--/fl_attachment/kojscm1w0aaxpemt66ch.jpg?image_name=gd-220> referred in <None>
2021-05-26 19:25:15 [scrapy.core.engine] DEBUG: Crawled (404) <GET https://app.salsify.com/catalogs/api/catalogs/44c36744-43f9-447b-9e90-7615b76afbe5/products/GS328GSB> (referer: None)
2021-05-26 19:25:15 [scrapy.core.engine] DEBUG: Crawled (404) <GET https://app.salsify.com/catalogs/api/catalogs/44c36744-43f9-447b-9e90-7615b76afbe5/products/N357-0013> (referer: None)
2021-05-26 19:25:15 [scrapy.core.engine] DEBUG: Crawled (404) <GET https://app.salsify.com/catalogs/api/catalogs/44c36744-43f9-447b-9e90-7615b76afbe5/products/HP35K> (referer: None)
2021-05-26 19:25:15 [scrapy.core.engine] DEBUG: Crawled (404) <GET https://app.salsify.com/catalogs/api/catalogs/44c36744-43f9-447b-9e90-7615b76afbe5/products/H222-SS> (referer: None)
2021-05-26 19:25:15 [scrapy.core.scraper] DEBUG: Scraped from <200 https://app.salsify.com/catalogs/api/catalogs/44c36744-43f9-447b-9e90-7615b76afbe5/products/GD-220>
{'file_urls': ['https://images.salsify.com/image/upload/s--D1PnvWcx--/fl_attachment/kojscm1w0aaxpemt66ch.jpg?image_name=gd-220'],
 'files': [{'checksum': 'cdb668aee2a570891ab00d1fb5554e13',
            'path': 'Napoleon/gd-220.jpg',
            'status': 'downloaded',
            'url': 'https://images.salsify.com/image/upload/s--D1PnvWcx--/fl_attachment/kojscm1w0aaxpemt66ch.jpg?image_name=gd-220'}],
 'image_brand': 'Napoleon',
 'image_name': 'gd-220'}
2021-05-26 19:25:15 [scrapy.core.engine] DEBUG: Crawled (404) <GET https://app.salsify.com/catalogs/api/catalogs/44c36744-43f9-447b-9e90-7615b76afbe5/products/1400ML> (referer: None)
2021-05-26 19:25:15 [scrapy.core.engine] DEBUG: Crawled (404) <GET https://app.salsify.com/catalogs/api/catalogs/44c36744-43f9-447b-9e90-7615b76afbe5/products/AXHM> (referer: None)
2021-05-26 19:25:15 [scrapy.core.engine] DEBUG: Crawled (404) <GET https://app.salsify.com/catalogs/api/catalogs/44c36744-43f9-447b-9e90-7615b76afbe5/products/H222M> (referer: None)
2021-05-26 19:25:15 [scrapy.core.engine] DEBUG: Crawled (200) <GET https://app.salsify.com/catalogs/api/catalogs/44c36744-43f9-447b-9e90-7615b76afbe5/products/IOL50K> (referer: None)
2021-05-26 19:25:15 [scrapy.core.engine] DEBUG: Crawled (200) <GET https://app.salsify.com/catalogs/api/catalogs/44c36744-43f9-447b-9e90-7615b76afbe5/products/IOL74K> (referer: None)
2021-05-26 19:25:15 [scrapy.core.engine] DEBUG: Crawled (200) <GET https://app.salsify.com/catalogs/api/catalogs/44c36744-43f9-447b-9e90-7615b76afbe5/products/IOL38K> (referer: None)
2021-05-26 19:25:15 [scrapy.core.engine] DEBUG: Crawled (200) <GET https://app.salsify.com/catalogs/api/catalogs/44c36744-43f9-447b-9e90-7615b76afbe5/products/IOL62K> (referer: None)
2021-05-26 19:25:15 [scrapy.core.engine] DEBUG: Crawled (404) <GET https://app.salsify.com/catalogs/api/catalogs/44c36744-43f9-447b-9e90-7615b76afbe5/products/B35NL> (referer: None)
2021-05-26 19:25:15 [scrapy.core.engine] DEBUG: Crawled (200) <GET https://app.salsify.com/catalogs/api/catalogs/44c36744-43f9-447b-9e90-7615b76afbe5/products/EPA335KT> (referer: None)
2021-05-26 19:25:15 [scrapy.core.engine] DEBUG: Crawled (404) <GET https://app.salsify.com/catalogs/api/catalogs/44c36744-43f9-447b-9e90-7615b76afbe5/products/I3S6> (referer: None)
2021-05-26 19:25:16 [scrapy.core.engine] DEBUG: Crawled (200) <GET https://images.salsify.com/image/upload/s--Zobb_B5G--/fl_attachment/hlqbmycxtmo5whsrxtgn.jpg?image_name=iol50k> (referer: None)
2021-05-26 19:25:16 [scrapy.pipelines.files] DEBUG: File (downloaded): Downloaded file from <GET https://images.salsify.com/image/upload/s--Zobb_B5G--/fl_attachment/hlqbmycxtmo5whsrxtgn.jpg?image_name=iol50k> referred in <None>
2021-05-26 19:25:16 [scrapy.core.engine] DEBUG: Crawled (404) <GET https://app.salsify.com/catalogs/api/catalogs/44c36744-43f9-447b-9e90-7615b76afbe5/products/MEKR> (referer: None)
2021-05-26 19:25:16 [scrapy.core.engine] DEBUG: Crawled (200) <GET https://images.salsify.com/image/upload/s--Npbd8THp--/fl_attachment/ofarsqqslgbiyq3oezhn.png?image_name=epa335kt> (referer: None)
2021-05-26 19:25:16 [scrapy.pipelines.files] DEBUG: File (downloaded): Downloaded file from <GET https://images.salsify.com/image/upload/s--Npbd8THp--/fl_attachment/ofarsqqslgbiyq3oezhn.png?image_name=epa335kt> referred in <None>
2021-05-26 19:25:16 [scrapy.core.scraper] DEBUG: Scraped from <200 https://app.salsify.com/catalogs/api/catalogs/44c36744-43f9-447b-9e90-7615b76afbe5/products/IOL50K>
{'file_urls': ['https://images.salsify.com/image/upload/s--Zobb_B5G--/fl_attachment/hlqbmycxtmo5whsrxtgn.jpg?image_name=iol50k'],
 'files': [{'checksum': '29bf7e185618fcb5076b7694f84b9709',
            'path': 'Napoleon/iol50k.jpg',
            'status': 'downloaded',
            'url': 'https://images.salsify.com/image/upload/s--Zobb_B5G--/fl_attachment/hlqbmycxtmo5whsrxtgn.jpg?image_name=iol50k'}],
 'image_brand': 'Napoleon',
 'image_name': 'iol50k'}
2021-05-26 19:25:16 [scrapy.core.engine] DEBUG: Crawled (404) <GET https://app.salsify.com/catalogs/api/catalogs/44c36744-43f9-447b-9e90-7615b76afbe5/products/MKE42> (referer: None)
2021-05-26 19:25:16 [scrapy.core.engine] DEBUG: Crawled (200) <GET https://images.salsify.com/image/upload/s--Zobb_B5G--/fl_attachment/hlqbmycxtmo5whsrxtgn.jpg?image_name=iol74k> (referer: None)
2021-05-26 19:25:16 [scrapy.pipelines.files] DEBUG: File (downloaded): Downloaded file from <GET https://images.salsify.com/image/upload/s--Zobb_B5G--/fl_attachment/hlqbmycxtmo5whsrxtgn.jpg?image_name=iol74k> referred in <None>
2021-05-26 19:25:16 [scrapy.core.engine] DEBUG: Crawled (404) <GET https://app.salsify.com/catalogs/api/catalogs/44c36744-43f9-447b-9e90-7615b76afbe5/products/PRP35BK> (referer: None)
2021-05-26 19:25:16 [scrapy.core.engine] DEBUG: Crawled (200) <GET https://images.salsify.com/image/upload/s--Zobb_B5G--/fl_attachment/hlqbmycxtmo5whsrxtgn.jpg?image_name=iol38k> (referer: None)
2021-05-26 19:25:16 [scrapy.pipelines.files] DEBUG: File (downloaded): Downloaded file from <GET https://images.salsify.com/image/upload/s--Zobb_B5G--/fl_attachment/hlqbmycxtmo5whsrxtgn.jpg?image_name=iol38k> referred in <None>
2021-05-26 19:25:16 [scrapy.core.engine] DEBUG: Crawled (404) <GET https://app.salsify.com/catalogs/api/catalogs/44c36744-43f9-447b-9e90-7615b76afbe5/products/MKRM> (referer: None)
2021-05-26 19:25:16 [scrapy.core.scraper] DEBUG: Scraped from <200 https://app.salsify.com/catalogs/api/catalogs/44c36744-43f9-447b-9e90-7615b76afbe5/products/EPA335KT>
{'file_urls': ['https://images.salsify.com/image/upload/s--Npbd8THp--/fl_attachment/ofarsqqslgbiyq3oezhn.png?image_name=epa335kt'],
 'files': [{'checksum': 'a1554be8059d5b2e6845b419336f4324',
            'path': 'Napoleon/epa335kt.png',
            'status': 'downloaded',
            'url': 'https://images.salsify.com/image/upload/s--Npbd8THp--/fl_attachment/ofarsqqslgbiyq3oezhn.png?image_name=epa335kt'}],
 'image_brand': 'Napoleon',
 'image_name': 'epa335kt'}
2021-05-26 19:25:16 [scrapy.core.engine] DEBUG: Crawled (200) <GET https://app.salsify.com/catalogs/api/catalogs/44c36744-43f9-447b-9e90-7615b76afbe5/products/LVX62N2X-1> (referer: None)
2021-05-26 19:25:16 [scrapy.core.scraper] DEBUG: Scraped from <200 https://app.salsify.com/catalogs/api/catalogs/44c36744-43f9-447b-9e90-7615b76afbe5/products/IOL74K>
{'file_urls': ['https://images.salsify.com/image/upload/s--Zobb_B5G--/fl_attachment/hlqbmycxtmo5whsrxtgn.jpg?image_name=iol74k'],
 'files': [{'checksum': '29bf7e185618fcb5076b7694f84b9709',
            'path': 'Napoleon/iol74k.jpg',
            'status': 'downloaded',
            'url': 'https://images.salsify.com/image/upload/s--Zobb_B5G--/fl_attachment/hlqbmycxtmo5whsrxtgn.jpg?image_name=iol74k'}],
 'image_brand': 'Napoleon',
 'image_name': 'iol74k'}
2021-05-26 19:25:16 [scrapy.core.engine] DEBUG: Crawled (200) <GET https://app.salsify.com/catalogs/api/catalogs/44c36744-43f9-447b-9e90-7615b76afbe5/products/LVX50N2X-1> (referer: None)
2021-05-26 19:25:16 [scrapy.core.scraper] DEBUG: Scraped from <200 https://app.salsify.com/catalogs/api/catalogs/44c36744-43f9-447b-9e90-7615b76afbe5/products/IOL38K>
{'file_urls': ['https://images.salsify.com/image/upload/s--Zobb_B5G--/fl_attachment/hlqbmycxtmo5whsrxtgn.jpg?image_name=iol38k'],
 'files': [{'checksum': '29bf7e185618fcb5076b7694f84b9709',
            'path': 'Napoleon/iol38k.jpg',
            'status': 'downloaded',
            'url': 'https://images.salsify.com/image/upload/s--Zobb_B5G--/fl_attachment/hlqbmycxtmo5whsrxtgn.jpg?image_name=iol38k'}],
 'image_brand': 'Napoleon',
 'image_name': 'iol38k'}
2021-05-26 19:25:16 [scrapy.core.engine] DEBUG: Crawled (404) <GET https://app.salsify.com/catalogs/api/catalogs/44c36744-43f9-447b-9e90-7615b76afbe5/products/PRPP40> (referer: None)
2021-05-26 19:25:16 [scrapy.core.engine] DEBUG: Crawled (404) <GET https://app.salsify.com/catalogs/api/catalogs/44c36744-43f9-447b-9e90-7615b76afbe5/products/MKBR> (referer: None)
2021-05-26 19:25:16 [scrapy.core.engine] DEBUG: Crawled (404) <GET https://app.salsify.com/catalogs/api/catalogs/44c36744-43f9-447b-9e90-7615b76afbe5/products/W175-0668> (referer: None)
2021-05-26 19:25:16 [scrapy.core.engine] DEBUG: Crawled (200) <GET https://images.salsify.com/image/upload/s--DB9qA_8F--/fl_attachment/mymzxpxi7q9qlg5jmxwy.jpg?image_name=lvx62n2x-1> (referer: None)
2021-05-26 19:25:16 [scrapy.pipelines.files] DEBUG: File (downloaded): Downloaded file from <GET https://images.salsify.com/image/upload/s--DB9qA_8F--/fl_attachment/mymzxpxi7q9qlg5jmxwy.jpg?image_name=lvx62n2x-1> referred in <None>
2021-05-26 19:25:16 [scrapy.core.engine] DEBUG: Crawled (200) <GET https://images.salsify.com/image/upload/s--EDQBD3yB--/fl_attachment/iy53vysogwz64rn4mieu.jpg?image_name=lvx50n2x-1> (referer: None)
2021-05-26 19:25:16 [scrapy.pipelines.files] DEBUG: File (downloaded): Downloaded file from <GET https://images.salsify.com/image/upload/s--EDQBD3yB--/fl_attachment/iy53vysogwz64rn4mieu.jpg?image_name=lvx50n2x-1> referred in <None>
2021-05-26 19:25:16 [scrapy.core.engine] DEBUG: Crawled (404) <GET https://app.salsify.com/catalogs/api/catalogs/44c36744-43f9-447b-9e90-7615b76afbe5/products/MKE50> (referer: None)
2021-05-26 19:25:16 [scrapy.core.engine] DEBUG: Crawled (404) <GET https://app.salsify.com/catalogs/api/catalogs/44c36744-43f9-447b-9e90-7615b76afbe5/products/EPI-1402M> (referer: None)
2021-05-26 19:25:16 [scrapy.core.scraper] DEBUG: Scraped from <200 https://app.salsify.com/catalogs/api/catalogs/44c36744-43f9-447b-9e90-7615b76afbe5/products/LVX62N2X-1>
{'file_urls': ['https://images.salsify.com/image/upload/s--DB9qA_8F--/fl_attachment/mymzxpxi7q9qlg5jmxwy.jpg?image_name=lvx62n2x-1'],
 'files': [{'checksum': '76c21623601c25f6eeff2fcbdb5f837a',
            'path': 'Napoleon/lvx62n2x-1.jpg',
            'status': 'downloaded',
            'url': 'https://images.salsify.com/image/upload/s--DB9qA_8F--/fl_attachment/mymzxpxi7q9qlg5jmxwy.jpg?image_name=lvx62n2x-1'}],
 'image_brand': 'Napoleon',
 'image_name': 'lvx62n2x-1'}
2021-05-26 19:25:16 [scrapy.core.engine] DEBUG: Crawled (404) <GET https://app.salsify.com/catalogs/api/catalogs/44c36744-43f9-447b-9e90-7615b76afbe5/products/EPI-1402K> (referer: None)
2021-05-26 19:25:16 [scrapy.core.scraper] DEBUG: Scraped from <200 https://app.salsify.com/catalogs/api/catalogs/44c36744-43f9-447b-9e90-7615b76afbe5/products/LVX50N2X-1>
{'file_urls': ['https://images.salsify.com/image/upload/s--EDQBD3yB--/fl_attachment/iy53vysogwz64rn4mieu.jpg?image_name=lvx50n2x-1'],
 'files': [{'checksum': 'bd6fc851ae791351cb3f3f4af79b6fd6',
            'path': 'Napoleon/lvx50n2x-1.jpg',
            'status': 'downloaded',
            'url': 'https://images.salsify.com/image/upload/s--EDQBD3yB--/fl_attachment/iy53vysogwz64rn4mieu.jpg?image_name=lvx50n2x-1'}],
 'image_brand': 'Napoleon',
 'image_name': 'lvx50n2x-1'}
2021-05-26 19:25:16 [scrapy.core.engine] DEBUG: Crawled (200) <GET https://app.salsify.com/catalogs/api/catalogs/44c36744-43f9-447b-9e90-7615b76afbe5/products/LVX38N2X-1> (referer: None)
2021-05-26 19:25:16 [scrapy.core.engine] DEBUG: Crawled (404) <GET https://app.salsify.com/catalogs/api/catalogs/44c36744-43f9-447b-9e90-7615b76afbe5/products/MKE30> (referer: None)
2021-05-26 19:25:16 [scrapy.core.engine] DEBUG: Crawled (404) <GET https://app.salsify.com/catalogs/api/catalogs/44c36744-43f9-447b-9e90-7615b76afbe5/products/202CSS> (referer: None)
2021-05-26 19:25:16 [scrapy.core.engine] DEBUG: Crawled (200) <GET https://app.salsify.com/catalogs/api/catalogs/44c36744-43f9-447b-9e90-7615b76afbe5/products/LVX74N2X-1> (referer: None)
2021-05-26 19:25:16 [scrapy.core.engine] DEBUG: Crawled (404) <GET https://app.salsify.com/catalogs/api/catalogs/44c36744-43f9-447b-9e90-7615b76afbe5/products/202CM> (referer: None)
2021-05-26 19:25:16 [scrapy.core.engine] DEBUG: Crawled (404) <GET https://app.salsify.com/catalogs/api/catalogs/44c36744-43f9-447b-9e90-7615b76afbe5/products/202CG> (referer: None)
2021-05-26 19:25:16 [scrapy.core.engine] DEBUG: Crawled (200) <GET https://images.salsify.com/image/upload/s--O-TsGYmQ--/fl_attachment/hyqdxxo8rymjoztfpanv.jpg?image_name=lvx38n2x-1> (referer: None)
2021-05-26 19:25:16 [scrapy.pipelines.files] DEBUG: File (downloaded): Downloaded file from <GET https://images.salsify.com/image/upload/s--O-TsGYmQ--/fl_attachment/hyqdxxo8rymjoztfpanv.jpg?image_name=lvx38n2x-1> referred in <None>
2021-05-26 19:25:16 [scrapy.core.engine] DEBUG: Crawled (404) <GET https://app.salsify.com/catalogs/api/catalogs/44c36744-43f9-447b-9e90-7615b76afbe5/products/EPI-1101M> (referer: None)
2021-05-26 19:25:16 [scrapy.core.engine] DEBUG: Crawled (404) <GET https://app.salsify.com/catalogs/api/catalogs/44c36744-43f9-447b-9e90-7615b76afbe5/products/MKRM> (referer: None)
2021-05-26 19:25:16 [scrapy.core.engine] DEBUG: Crawled (200) <GET https://images.salsify.com/image/upload/s--mYPE_Vjr--/fl_attachment/rrkrdmtrgkgsfuxihelm.jpg?image_name=lvx74n2x-1> (referer: None)
2021-05-26 19:25:16 [scrapy.pipelines.files] DEBUG: File (downloaded): Downloaded file from <GET https://images.salsify.com/image/upload/s--mYPE_Vjr--/fl_attachment/rrkrdmtrgkgsfuxihelm.jpg?image_name=lvx74n2x-1> referred in <None>
2021-05-26 19:25:16 [scrapy.core.engine] DEBUG: Crawled (404) <GET https://app.salsify.com/catalogs/api/catalogs/44c36744-43f9-447b-9e90-7615b76afbe5/products/GPFGP-1> (referer: None)
2021-05-26 19:25:16 [scrapy.core.engine] DEBUG: Crawled (404) <GET https://app.salsify.com/catalogs/api/catalogs/44c36744-43f9-447b-9e90-7615b76afbe5/products/1748> (referer: None)
2021-05-26 19:25:16 [scrapy.core.engine] DEBUG: Crawled (404) <GET https://app.salsify.com/catalogs/api/catalogs/44c36744-43f9-447b-9e90-7615b76afbe5/products/GPFP-1> (referer: None)
2021-05-26 19:25:16 [scrapy.core.engine] DEBUG: Crawled (404) <GET https://app.salsify.com/catalogs/api/catalogs/44c36744-43f9-447b-9e90-7615b76afbe5/products/PFS> (referer: None)
2021-05-26 19:25:16 [scrapy.core.scraper] DEBUG: Scraped from <200 https://app.salsify.com/catalogs/api/catalogs/44c36744-43f9-447b-9e90-7615b76afbe5/products/LVX38N2X-1>
{'file_urls': ['https://images.salsify.com/image/upload/s--O-TsGYmQ--/fl_attachment/hyqdxxo8rymjoztfpanv.jpg?image_name=lvx38n2x-1'],
 'files': [{'checksum': '4eae10a6bfc8f6d79d8ca077a0341999',
            'path': 'Napoleon/lvx38n2x-1.jpg',
            'status': 'downloaded',
            'url': 'https://images.salsify.com/image/upload/s--O-TsGYmQ--/fl_attachment/hyqdxxo8rymjoztfpanv.jpg?image_name=lvx38n2x-1'}],
 'image_brand': 'Napoleon',
 'image_name': 'lvx38n2x-1'}
2021-05-26 19:25:16 [scrapy.core.engine] DEBUG: Crawled (404) <GET https://app.salsify.com/catalogs/api/catalogs/44c36744-43f9-447b-9e90-7615b76afbe5/products/W357-0001> (referer: None)
2021-05-26 19:25:16 [scrapy.core.engine] DEBUG: Crawled (404) <GET https://app.salsify.com/catalogs/api/catalogs/44c36744-43f9-447b-9e90-7615b76afbe5/products/PFTT-GK> (referer: None)
2021-05-26 19:25:16 [scrapy.core.scraper] DEBUG: Scraped from <200 https://app.salsify.com/catalogs/api/catalogs/44c36744-43f9-447b-9e90-7615b76afbe5/products/LVX74N2X-1>
{'file_urls': ['https://images.salsify.com/image/upload/s--mYPE_Vjr--/fl_attachment/rrkrdmtrgkgsfuxihelm.jpg?image_name=lvx74n2x-1'],
 'files': [{'checksum': '55ccf720cdc82388d9af64760c402d73',
            'path': 'Napoleon/lvx74n2x-1.jpg',
            'status': 'downloaded',
            'url': 'https://images.salsify.com/image/upload/s--mYPE_Vjr--/fl_attachment/rrkrdmtrgkgsfuxihelm.jpg?image_name=lvx74n2x-1'}],
 'image_brand': 'Napoleon',
 'image_name': 'lvx74n2x-1'}
2021-05-26 19:25:16 [scrapy.core.engine] DEBUG: Crawled (404) <GET https://app.salsify.com/catalogs/api/catalogs/44c36744-43f9-447b-9e90-7615b76afbe5/products/PFT> (referer: None)
2021-05-26 19:25:16 [scrapy.core.engine] DEBUG: Crawled (404) <GET https://app.salsify.com/catalogs/api/catalogs/44c36744-43f9-447b-9e90-7615b76afbe5/products/PRP35> (referer: None)
2021-05-26 19:25:17 [scrapy.core.engine] DEBUG: Crawled (404) <GET https://app.salsify.com/catalogs/api/catalogs/44c36744-43f9-447b-9e90-7615b76afbe5/products/PRP52GY> (referer: None)
2021-05-26 19:25:17 [scrapy.core.engine] DEBUG: Crawled (404) <GET https://app.salsify.com/catalogs/api/catalogs/44c36744-43f9-447b-9e90-7615b76afbe5/products/PRP35BN> (referer: None)
2021-05-26 19:25:17 [scrapy.core.engine] DEBUG: Crawled (404) <GET https://app.salsify.com/catalogs/api/catalogs/44c36744-43f9-447b-9e90-7615b76afbe5/products/PRP45> (referer: None)
2021-05-26 19:25:17 [scrapy.core.engine] DEBUG: Crawled (404) <GET https://app.salsify.com/catalogs/api/catalogs/44c36744-43f9-447b-9e90-7615b76afbe5/products/PRPD4> (referer: None)
2021-05-26 19:25:17 [scrapy.core.engine] DEBUG: Crawled (200) <GET https://app.salsify.com/catalogs/api/catalogs/44c36744-43f9-447b-9e90-7615b76afbe5/products/PRP82> (referer: None)
2021-05-26 19:25:17 [scrapy.core.engine] DEBUG: Crawled (404) <GET https://app.salsify.com/catalogs/api/catalogs/44c36744-43f9-447b-9e90-7615b76afbe5/products/PRPHR46> (referer: None)
2021-05-26 19:25:17 [scrapy.core.engine] DEBUG: Crawled (200) <GET https://images.salsify.com/image/upload/s--Zobb_B5G--/fl_attachment/hlqbmycxtmo5whsrxtgn.jpg?image_name=iol62k> (referer: None)
2021-05-26 19:25:17 [scrapy.pipelines.files] DEBUG: File (downloaded): Downloaded file from <GET https://images.salsify.com/image/upload/s--Zobb_B5G--/fl_attachment/hlqbmycxtmo5whsrxtgn.jpg?image_name=iol62k> referred in <None>
2021-05-26 19:25:17 [scrapy.core.engine] DEBUG: Crawled (404) <GET https://app.salsify.com/catalogs/api/catalogs/44c36744-43f9-447b-9e90-7615b76afbe5/products/PRPHR35> (referer: None)
2021-05-26 19:25:17 [scrapy.core.engine] DEBUG: Crawled (404) <GET https://app.salsify.com/catalogs/api/catalogs/44c36744-43f9-447b-9e90-7615b76afbe5/products/PRP35GY> (referer: None)
2021-05-26 19:25:17 [scrapy.core.engine] DEBUG: Crawled (404) <GET https://app.salsify.com/catalogs/api/catalogs/44c36744-43f9-447b-9e90-7615b76afbe5/products/PVA62> (referer: None)
2021-05-26 19:25:17 [scrapy.core.engine] DEBUG: Crawled (404) <GET https://app.salsify.com/catalogs/api/catalogs/44c36744-43f9-447b-9e90-7615b76afbe5/products/PVA36-1> (referer: None)
2021-05-26 19:25:17 [scrapy.core.engine] DEBUG: Crawled (404) <GET https://app.salsify.com/catalogs/api/catalogs/44c36744-43f9-447b-9e90-7615b76afbe5/products/PRP36> (referer: None)
2021-05-26 19:25:17 [scrapy.core.scraper] DEBUG: Scraped from <200 https://app.salsify.com/catalogs/api/catalogs/44c36744-43f9-447b-9e90-7615b76afbe5/products/IOL62K>
{'file_urls': ['https://images.salsify.com/image/upload/s--Zobb_B5G--/fl_attachment/hlqbmycxtmo5whsrxtgn.jpg?image_name=iol62k'],
 'files': [{'checksum': '29bf7e185618fcb5076b7694f84b9709',
            'path': 'Napoleon/iol62k.jpg',
            'status': 'downloaded',
            'url': 'https://images.salsify.com/image/upload/s--Zobb_B5G--/fl_attachment/hlqbmycxtmo5whsrxtgn.jpg?image_name=iol62k'}],
 'image_brand': 'Napoleon',
 'image_name': 'iol62k'}
2021-05-26 19:25:17 [scrapy.core.engine] DEBUG: Crawled (200) <GET https://app.salsify.com/catalogs/api/catalogs/44c36744-43f9-447b-9e90-7615b76afbe5/products/PRPHD4> (referer: None)
2021-05-26 19:25:17 [scrapy.core.engine] DEBUG: Crawled (200) <GET https://images.salsify.com/image/upload/s--VlFWNPrD--/fl_attachment/ma7udxlifnybuw4zpwfe.png?image_name=prp82> (referer: None)
2021-05-26 19:25:17 [scrapy.pipelines.files] DEBUG: File (downloaded): Downloaded file from <GET https://images.salsify.com/image/upload/s--VlFWNPrD--/fl_attachment/ma7udxlifnybuw4zpwfe.png?image_name=prp82> referred in <None>
2021-05-26 19:25:17 [scrapy.core.engine] DEBUG: Crawled (404) <GET https://app.salsify.com/catalogs/api/catalogs/44c36744-43f9-447b-9e90-7615b76afbe5/products/PRPR40> (referer: None)
2021-05-26 19:25:17 [scrapy.core.engine] DEBUG: Crawled (404) <GET https://app.salsify.com/catalogs/api/catalogs/44c36744-43f9-447b-9e90-7615b76afbe5/products/PRPR46> (referer: None)
2021-05-26 19:25:17 [scrapy.core.engine] DEBUG: Crawled (404) <GET https://app.salsify.com/catalogs/api/catalogs/44c36744-43f9-447b-9e90-7615b76afbe5/products/RS35WI> (referer: None)
2021-05-26 19:25:17 [scrapy.core.engine] DEBUG: Crawled (404) <GET https://app.salsify.com/catalogs/api/catalogs/44c36744-43f9-447b-9e90-7615b76afbe5/products/RAK36> (referer: None)
2021-05-26 19:25:17 [scrapy.core.engine] DEBUG: Crawled (404) <GET https://app.salsify.com/catalogs/api/catalogs/44c36744-43f9-447b-9e90-7615b76afbe5/products/PVA81> (referer: None)
2021-05-26 19:25:17 [scrapy.core.scraper] DEBUG: Scraped from <200 https://app.salsify.com/catalogs/api/catalogs/44c36744-43f9-447b-9e90-7615b76afbe5/products/PRP82>
{'file_urls': ['https://images.salsify.com/image/upload/s--VlFWNPrD--/fl_attachment/ma7udxlifnybuw4zpwfe.png?image_name=prp82'],
 'files': [{'checksum': '4dac4858e6c56b7f645e9f49e0fc2479',
            'path': 'Napoleon/prp82.png',
            'status': 'downloaded',
            'url': 'https://images.salsify.com/image/upload/s--VlFWNPrD--/fl_attachment/ma7udxlifnybuw4zpwfe.png?image_name=prp82'}],
 'image_brand': 'Napoleon',
 'image_name': 'prp82'}
2021-05-26 19:25:17 [scrapy.core.engine] DEBUG: Crawled (404) <GET https://app.salsify.com/catalogs/api/catalogs/44c36744-43f9-447b-9e90-7615b76afbe5/products/PRP52BN> (referer: None)
2021-05-26 19:25:17 [scrapy.core.engine] DEBUG: Crawled (404) <GET https://app.salsify.com/catalogs/api/catalogs/44c36744-43f9-447b-9e90-7615b76afbe5/products/REK> (referer: None)
2021-05-26 19:25:17 [scrapy.core.engine] DEBUG: Crawled (200) <GET https://images.salsify.com/image/upload/s--q9-sxbya--/fl_attachment/uah1ay8ta18gckgujmwf.png?image_name=prphd4> (referer: None)
2021-05-26 19:25:17 [scrapy.pipelines.files] DEBUG: File (downloaded): Downloaded file from <GET https://images.salsify.com/image/upload/s--q9-sxbya--/fl_attachment/uah1ay8ta18gckgujmwf.png?image_name=prphd4> referred in <None>
2021-05-26 19:25:17 [scrapy.core.engine] DEBUG: Crawled (404) <GET https://app.salsify.com/catalogs/api/catalogs/44c36744-43f9-447b-9e90-7615b76afbe5/products/S25-KT> (referer: None)
2021-05-26 19:25:17 [scrapy.core.engine] DEBUG: Crawled (404) <GET https://app.salsify.com/catalogs/api/catalogs/44c36744-43f9-447b-9e90-7615b76afbe5/products/S9> (referer: None)
2021-05-26 19:25:17 [scrapy.core.scraper] DEBUG: Scraped from <200 https://app.salsify.com/catalogs/api/catalogs/44c36744-43f9-447b-9e90-7615b76afbe5/products/PRPHD4>
{'file_urls': ['https://images.salsify.com/image/upload/s--q9-sxbya--/fl_attachment/uah1ay8ta18gckgujmwf.png?image_name=prphd4'],
 'files': [{'checksum': 'e83338984e7d7122171ce5c1401d78ba',
            'path': 'Napoleon/prphd4.png',
            'status': 'downloaded',
            'url': 'https://images.salsify.com/image/upload/s--q9-sxbya--/fl_attachment/uah1ay8ta18gckgujmwf.png?image_name=prphd4'}],
 'image_brand': 'Napoleon',
 'image_name': 'prphd4'}
2021-05-26 19:25:17 [scrapy.core.engine] DEBUG: Crawled (404) <GET https://app.salsify.com/catalogs/api/catalogs/44c36744-43f9-447b-9e90-7615b76afbe5/products/S1> (referer: None)
2021-05-26 19:25:17 [scrapy.core.engine] DEBUG: Crawled (404) <GET https://app.salsify.com/catalogs/api/catalogs/44c36744-43f9-447b-9e90-7615b76afbe5/products/S4> (referer: None)
2021-05-26 19:25:17 [scrapy.core.engine] DEBUG: Crawled (404) <GET https://app.salsify.com/catalogs/api/catalogs/44c36744-43f9-447b-9e90-7615b76afbe5/products/S36CVP> (referer: None)
2021-05-26 19:25:17 [scrapy.core.engine] DEBUG: Crawled (404) <GET https://app.salsify.com/catalogs/api/catalogs/44c36744-43f9-447b-9e90-7615b76afbe5/products/SBAT> (referer: None)
2021-05-26 19:25:17 [scrapy.core.engine] DEBUG: Crawled (404) <GET https://app.salsify.com/catalogs/api/catalogs/44c36744-43f9-447b-9e90-7615b76afbe5/products/SFK82SSSB> (referer: None)
2021-05-26 19:25:17 [scrapy.core.engine] DEBUG: Crawled (404) <GET https://app.salsify.com/catalogs/api/catalogs/44c36744-43f9-447b-9e90-7615b76afbe5/products/CL28SS> (referer: None)
2021-05-26 19:25:17 [scrapy.core.engine] DEBUG: Crawled (404) <GET https://app.salsify.com/catalogs/api/catalogs/44c36744-43f9-447b-9e90-7615b76afbe5/products/N725-0049> (referer: None)
2021-05-26 19:25:17 [scrapy.core.engine] DEBUG: Crawled (404) <GET https://app.salsify.com/catalogs/api/catalogs/44c36744-43f9-447b-9e90-7615b76afbe5/products/W435-0010> (referer: None)
2021-05-26 19:25:17 [scrapy.core.engine] DEBUG: Crawled (404) <GET https://app.salsify.com/catalogs/api/catalogs/44c36744-43f9-447b-9e90-7615b76afbe5/products/SBHD35K> (referer: None)
2021-05-26 19:25:17 [scrapy.core.engine] DEBUG: Crawled (404) <GET https://app.salsify.com/catalogs/api/catalogs/44c36744-43f9-447b-9e90-7615b76afbe5/products/SKFS> (referer: None)
2021-05-26 19:25:17 [scrapy.core.engine] DEBUG: Crawled (404) <GET https://app.salsify.com/catalogs/api/catalogs/44c36744-43f9-447b-9e90-7615b76afbe5/products/TFK> (referer: None)
2021-05-26 19:25:17 [scrapy.core.engine] DEBUG: Crawled (404) <GET https://app.salsify.com/catalogs/api/catalogs/44c36744-43f9-447b-9e90-7615b76afbe5/products/T81-BNSB> (referer: None)
2021-05-26 19:25:17 [scrapy.core.engine] DEBUG: Crawled (404) <GET https://app.salsify.com/catalogs/api/catalogs/44c36744-43f9-447b-9e90-7615b76afbe5/products/TFR> (referer: None)
2021-05-26 19:25:18 [scrapy.core.engine] DEBUG: Crawled (404) <GET https://app.salsify.com/catalogs/api/catalogs/44c36744-43f9-447b-9e90-7615b76afbe5/products/TFP> (referer: None)
2021-05-26 19:25:18 [scrapy.core.engine] DEBUG: Crawled (404) <GET https://app.salsify.com/catalogs/api/catalogs/44c36744-43f9-447b-9e90-7615b76afbe5/products/T81-BCSB> (referer: None)
2021-05-26 19:25:18 [scrapy.core.engine] DEBUG: Crawled (404) <GET https://app.salsify.com/catalogs/api/catalogs/44c36744-43f9-447b-9e90-7615b76afbe5/products/NEFP42-1815B> (referer: None)
2021-05-26 19:25:18 [scrapy.core.engine] DEBUG: Crawled (404) <GET https://app.salsify.com/catalogs/api/catalogs/44c36744-43f9-447b-9e90-7615b76afbe5/products/NEFP42-1715BW> (referer: None)
2021-05-26 19:25:18 [scrapy.core.engine] DEBUG: Crawled (404) <GET https://app.salsify.com/catalogs/api/catalogs/44c36744-43f9-447b-9e90-7615b76afbe5/products/TFW> (referer: None)
2021-05-26 19:25:18 [scrapy.core.engine] DEBUG: Crawled (404) <GET https://app.salsify.com/catalogs/api/catalogs/44c36744-43f9-447b-9e90-7615b76afbe5/products/NEFB30GL> (referer: None)
2021-05-26 19:25:18 [scrapy.core.engine] DEBUG: Crawled (404) <GET https://app.salsify.com/catalogs/api/catalogs/44c36744-43f9-447b-9e90-7615b76afbe5/products/N680-0001> (referer: None)
2021-05-26 19:25:18 [scrapy.core.engine] DEBUG: Crawled (404) <GET https://app.salsify.com/catalogs/api/catalogs/44c36744-43f9-447b-9e90-7615b76afbe5/products/NEFCO24-0116E> (referer: None)
2021-05-26 19:25:18 [scrapy.core.engine] DEBUG: Crawled (404) <GET https://app.salsify.com/catalogs/api/catalogs/44c36744-43f9-447b-9e90-7615b76afbe5/products/200M> (referer: None)
2021-05-26 19:25:18 [scrapy.core.engine] DEBUG: Crawled (404) <GET https://app.salsify.com/catalogs/api/catalogs/44c36744-43f9-447b-9e90-7615b76afbe5/products/TFW> (referer: None)
2021-05-26 19:25:18 [scrapy.core.engine] DEBUG: Crawled (404) <GET https://app.salsify.com/catalogs/api/catalogs/44c36744-43f9-447b-9e90-7615b76afbe5/products/W010-1797> (referer: None)
2021-05-26 19:25:18 [scrapy.core.engine] DEBUG: Crawled (404) <GET https://app.salsify.com/catalogs/api/catalogs/44c36744-43f9-447b-9e90-7615b76afbe5/products/W170-0116> (referer: None)
2021-05-26 19:25:18 [scrapy.core.engine] DEBUG: Crawled (404) <GET https://app.salsify.com/catalogs/api/catalogs/44c36744-43f9-447b-9e90-7615b76afbe5/products/W175-0214> (referer: None)
2021-05-26 19:25:18 [scrapy.core.engine] DEBUG: Crawled (404) <GET https://app.salsify.com/catalogs/api/catalogs/44c36744-43f9-447b-9e90-7615b76afbe5/products/W175-0158> (referer: None)
2021-05-26 19:25:18 [scrapy.core.engine] DEBUG: Crawled (404) <GET https://app.salsify.com/catalogs/api/catalogs/44c36744-43f9-447b-9e90-7615b76afbe5/products/W175-0178> (referer: None)
2021-05-26 19:25:18 [scrapy.core.engine] DEBUG: Crawled (404) <GET https://app.salsify.com/catalogs/api/catalogs/44c36744-43f9-447b-9e90-7615b76afbe5/products/W175-0246> (referer: None)
2021-05-26 19:25:18 [scrapy.core.engine] DEBUG: Crawled (404) <GET https://app.salsify.com/catalogs/api/catalogs/44c36744-43f9-447b-9e90-7615b76afbe5/products/W175-0266> (referer: None)
2021-05-26 19:25:18 [scrapy.core.engine] DEBUG: Crawled (404) <GET https://app.salsify.com/catalogs/api/catalogs/44c36744-43f9-447b-9e90-7615b76afbe5/products/W175-0249> (referer: None)
2021-05-26 19:25:18 [scrapy.core.engine] DEBUG: Crawled (200) <GET https://app.salsify.com/catalogs/api/catalogs/44c36744-43f9-447b-9e90-7615b76afbe5/products/W010-3364> (referer: None)
2021-05-26 19:25:18 [scrapy.core.engine] DEBUG: Crawled (404) <GET https://app.salsify.com/catalogs/api/catalogs/44c36744-43f9-447b-9e90-7615b76afbe5/products/W175-0278> (referer: None)
2021-05-26 19:25:18 [scrapy.core.engine] DEBUG: Crawled (404) <GET https://app.salsify.com/catalogs/api/catalogs/44c36744-43f9-447b-9e90-7615b76afbe5/products/W175-0304> (referer: None)
2021-05-26 19:25:18 [scrapy.core.engine] DEBUG: Crawled (404) <GET https://app.salsify.com/catalogs/api/catalogs/44c36744-43f9-447b-9e90-7615b76afbe5/products/W175-0268> (referer: None)
2021-05-26 19:25:18 [scrapy.core.engine] DEBUG: Crawled (200) <GET https://images.salsify.com/image/upload/s--8s82JiOt--/fl_attachment/kp6ljypg4b4aqhu2jkum.png?image_name=w010-3364> (referer: None)
2021-05-26 19:25:18 [scrapy.pipelines.files] DEBUG: File (downloaded): Downloaded file from <GET https://images.salsify.com/image/upload/s--8s82JiOt--/fl_attachment/kp6ljypg4b4aqhu2jkum.png?image_name=w010-3364> referred in <None>
2021-05-26 19:25:18 [scrapy.core.engine] DEBUG: Crawled (404) <GET https://app.salsify.com/catalogs/api/catalogs/44c36744-43f9-447b-9e90-7615b76afbe5/products/W175-0159> (referer: None)
2021-05-26 19:25:18 [scrapy.core.engine] DEBUG: Crawled (404) <GET https://app.salsify.com/catalogs/api/catalogs/44c36744-43f9-447b-9e90-7615b76afbe5/products/W175-0407> (referer: None)
2021-05-26 19:25:18 [scrapy.core.engine] DEBUG: Crawled (404) <GET https://app.salsify.com/catalogs/api/catalogs/44c36744-43f9-447b-9e90-7615b76afbe5/products/W175-0286> (referer: None)
2021-05-26 19:25:18 [scrapy.core.engine] DEBUG: Crawled (404) <GET https://app.salsify.com/catalogs/api/catalogs/44c36744-43f9-447b-9e90-7615b76afbe5/products/W325-0032> (referer: None)
2021-05-26 19:25:18 [scrapy.core.scraper] DEBUG: Scraped from <200 https://app.salsify.com/catalogs/api/catalogs/44c36744-43f9-447b-9e90-7615b76afbe5/products/W010-3364>
{'file_urls': ['https://images.salsify.com/image/upload/s--8s82JiOt--/fl_attachment/kp6ljypg4b4aqhu2jkum.png?image_name=w010-3364'],
 'files': [{'checksum': 'a1554be8059d5b2e6845b419336f4324',
            'path': 'Napoleon/w010-3364.png',
            'status': 'downloaded',
            'url': 'https://images.salsify.com/image/upload/s--8s82JiOt--/fl_attachment/kp6ljypg4b4aqhu2jkum.png?image_name=w010-3364'}],
 'image_brand': 'Napoleon',
 'image_name': 'w010-3364'}
2021-05-26 19:25:18 [scrapy.core.engine] DEBUG: Crawled (404) <GET https://app.salsify.com/catalogs/api/catalogs/44c36744-43f9-447b-9e90-7615b76afbe5/products/W320-0011M> (referer: None)
2021-05-26 19:25:18 [scrapy.core.engine] DEBUG: Crawled (200) <GET https://app.salsify.com/catalogs/api/catalogs/44c36744-43f9-447b-9e90-7615b76afbe5/products/LV50N2-2> (referer: None)
2021-05-26 19:25:18 [scrapy.core.engine] DEBUG: Crawled (200) <GET https://app.salsify.com/catalogs/api/catalogs/44c36744-43f9-447b-9e90-7615b76afbe5/products/LV38N2-1> (referer: None)
2021-05-26 19:25:19 [scrapy.core.engine] DEBUG: Crawled (200) <GET https://images.salsify.com/image/upload/s--odrK3biw--/fl_attachment/y7p7hkpsf8stsn7f6ppf.jpg?image_name=lv50n2-2> (referer: None)
2021-05-26 19:25:19 [scrapy.pipelines.files] DEBUG: File (downloaded): Downloaded file from <GET https://images.salsify.com/image/upload/s--odrK3biw--/fl_attachment/y7p7hkpsf8stsn7f6ppf.jpg?image_name=lv50n2-2> referred in <None>
2021-05-26 19:25:19 [scrapy.core.engine] DEBUG: Crawled (200) <GET https://images.salsify.com/image/upload/s--TjjnYygI--/fl_attachment/txvbzqpu1ogswd7pd3dn.jpg?image_name=lv38n2-1> (referer: None)
2021-05-26 19:25:19 [scrapy.pipelines.files] DEBUG: File (downloaded): Downloaded file from <GET https://images.salsify.com/image/upload/s--TjjnYygI--/fl_attachment/txvbzqpu1ogswd7pd3dn.jpg?image_name=lv38n2-1> referred in <None>
2021-05-26 19:25:19 [scrapy.core.engine] DEBUG: Crawled (404) <GET https://app.salsify.com/catalogs/api/catalogs/44c36744-43f9-447b-9e90-7615b76afbe5/products/W325-0043> (referer: None)
2021-05-26 19:25:19 [scrapy.core.engine] DEBUG: Crawled (404) <GET https://app.salsify.com/catalogs/api/catalogs/44c36744-43f9-447b-9e90-7615b76afbe5/products/W325-0044> (referer: None)
2021-05-26 19:25:19 [scrapy.core.engine] DEBUG: Crawled (404) <GET https://app.salsify.com/catalogs/api/catalogs/44c36744-43f9-447b-9e90-7615b76afbe5/products/W325-0042> (referer: None)
2021-05-26 19:25:19 [scrapy.core.engine] DEBUG: Crawled (404) <GET https://app.salsify.com/catalogs/api/catalogs/44c36744-43f9-447b-9e90-7615b76afbe5/products/W325-0045> (referer: None)
2021-05-26 19:25:19 [scrapy.core.engine] DEBUG: Crawled (404) <GET https://app.salsify.com/catalogs/api/catalogs/44c36744-43f9-447b-9e90-7615b76afbe5/products/W655-0608K> (referer: None)
2021-05-26 19:25:19 [scrapy.core.scraper] DEBUG: Scraped from <200 https://app.salsify.com/catalogs/api/catalogs/44c36744-43f9-447b-9e90-7615b76afbe5/products/LV50N2-2>
{'file_urls': ['https://images.salsify.com/image/upload/s--odrK3biw--/fl_attachment/y7p7hkpsf8stsn7f6ppf.jpg?image_name=lv50n2-2'],
 'files': [{'checksum': '9075ff7137d42a6bfeb886f658a19564',
            'path': 'Napoleon/lv50n2-2.jpg',
            'status': 'downloaded',
            'url': 'https://images.salsify.com/image/upload/s--odrK3biw--/fl_attachment/y7p7hkpsf8stsn7f6ppf.jpg?image_name=lv50n2-2'}],
 'image_brand': 'Napoleon',
 'image_name': 'lv50n2-2'}
2021-05-26 19:25:19 [scrapy.core.engine] DEBUG: Crawled (404) <GET https://app.salsify.com/catalogs/api/catalogs/44c36744-43f9-447b-9e90-7615b76afbe5/products/W325-0033> (referer: None)
2021-05-26 19:25:19 [scrapy.core.scraper] DEBUG: Scraped from <200 https://app.salsify.com/catalogs/api/catalogs/44c36744-43f9-447b-9e90-7615b76afbe5/products/LV38N2-1>
{'file_urls': ['https://images.salsify.com/image/upload/s--TjjnYygI--/fl_attachment/txvbzqpu1ogswd7pd3dn.jpg?image_name=lv38n2-1'],
 'files': [{'checksum': 'b7688b0200e57570169b7cae195892c5',
            'path': 'Napoleon/lv38n2-1.jpg',
            'status': 'downloaded',
            'url': 'https://images.salsify.com/image/upload/s--TjjnYygI--/fl_attachment/txvbzqpu1ogswd7pd3dn.jpg?image_name=lv38n2-1'}],
 'image_brand': 'Napoleon',
 'image_name': 'lv38n2-1'}
2021-05-26 19:25:19 [scrapy.core.engine] DEBUG: Crawled (404) <GET https://app.salsify.com/catalogs/api/catalogs/44c36744-43f9-447b-9e90-7615b76afbe5/products/W585-0834> (referer: None)
2021-05-26 19:25:19 [scrapy.core.engine] DEBUG: Crawled (404) <GET https://app.salsify.com/catalogs/api/catalogs/44c36744-43f9-447b-9e90-7615b76afbe5/products/W470-0002> (referer: None)
2021-05-26 19:25:19 [scrapy.core.engine] DEBUG: Crawled (200) <GET https://app.salsify.com/catalogs/api/catalogs/44c36744-43f9-447b-9e90-7615b76afbe5/products/W475-0217> (referer: None)
2021-05-26 19:25:19 [scrapy.core.engine] DEBUG: Crawled (404) <GET https://app.salsify.com/catalogs/api/catalogs/44c36744-43f9-447b-9e90-7615b76afbe5/products/W655-0610K> (referer: None)
2021-05-26 19:25:19 [scrapy.core.engine] DEBUG: Crawled (404) <GET https://app.salsify.com/catalogs/api/catalogs/44c36744-43f9-447b-9e90-7615b76afbe5/products/W655-0609K> (referer: None)
2021-05-26 19:25:19 [scrapy.core.engine] DEBUG: Crawled (200) <GET https://images.salsify.com/image/upload/s--XrdHKLIL--/fl_attachment/yfzxcujtlgqvvepq9pnz.png?image_name=w475-0217> (referer: None)
2021-05-26 19:25:19 [scrapy.pipelines.files] DEBUG: File (downloaded): Downloaded file from <GET https://images.salsify.com/image/upload/s--XrdHKLIL--/fl_attachment/yfzxcujtlgqvvepq9pnz.png?image_name=w475-0217> referred in <None>
2021-05-26 19:25:19 [scrapy.core.scraper] DEBUG: Scraped from <200 https://app.salsify.com/catalogs/api/catalogs/44c36744-43f9-447b-9e90-7615b76afbe5/products/W475-0217>
{'file_urls': ['https://images.salsify.com/image/upload/s--XrdHKLIL--/fl_attachment/yfzxcujtlgqvvepq9pnz.png?image_name=w475-0217'],
 'files': [{'checksum': 'd98b70188aba8db5a6171936e77caa53',
            'path': 'Napoleon/w475-0217.png',
            'status': 'downloaded',
            'url': 'https://images.salsify.com/image/upload/s--XrdHKLIL--/fl_attachment/yfzxcujtlgqvvepq9pnz.png?image_name=w475-0217'}],
 'image_brand': 'Napoleon',
 'image_name': 'w475-0217'}
2021-05-26 19:25:19 [scrapy.core.engine] INFO: Closing spider (finished)
2021-05-26 19:25:19 [scrapy.statscollectors] INFO: Dumping Scrapy stats:
{'downloader/request_bytes': 98173,
 'downloader/request_count': 260,
 'downloader/request_method_count/GET': 260,
 'downloader/response_bytes': 4270113,
 'downloader/response_count': 260,
 'downloader/response_status_count/200': 78,
 'downloader/response_status_count/404': 182,
 'elapsed_time_seconds': 8.053356,
 'file_count': 39,
 'file_status_count/downloaded': 39,
 'finish_reason': 'finished',
 'finish_time': datetime.datetime(2021, 5, 26, 23, 25, 19, 593656),
 'httpcompression/response_bytes': 204140,
 'httpcompression/response_count': 221,
 'item_scraped_count': 39,
 'log_count/DEBUG': 338,
 'log_count/INFO': 10,
 'memusage/max': 53436416,
 'memusage/startup': 53436416,
 'response_received_count': 260,
 'scheduler/dequeued': 221,
 'scheduler/dequeued/memory': 221,
 'scheduler/enqueued': 221,
 'scheduler/enqueued/memory': 221,
 'start_time': datetime.datetime(2021, 5, 26, 23, 25, 11, 540300)}
2021-05-26 19:25:19 [scrapy.core.engine] INFO: Spider closed (finished)
