2021-05-26 19:28:22 [scrapy.utils.log] INFO: Scrapy 2.5.0 started (bot: scrapybot)
2021-05-26 19:28:22 [scrapy.utils.log] INFO: Versions: lxml 4.6.3.0, libxml2 2.9.10, cssselect 1.1.0, parsel 1.6.0, w3lib 1.22.0, Twisted 21.2.0, Python 3.9.4 (default, Apr 22 2021, 12:02:23) - [Clang 12.0.0 (clang-1200.0.32.29)], pyOpenSSL 20.0.1 (OpenSSL 1.1.1k  25 Mar 2021), cryptography 3.4.7, Platform macOS-10.15.7-x86_64-i386-64bit
2021-05-26 19:28:22 [scrapy.utils.log] DEBUG: Using reactor: twisted.internet.selectreactor.SelectReactor
2021-05-26 19:28:22 [scrapy.crawler] INFO: Overridden settings:
{'LOG_FILE': PosixPath('/Users/khoivan/Documents/programming/north-country-fire-image-scraping/src/logs/scrape_log_skytechfireplaceremotes.log'),
 'USER_AGENT': 'Mozilla/5.0 (Macintosh; Intel Mac OS X 10_15_7) '
               'AppleWebKit/537.36 (KHTML, like Gecko) Chrome/88.0.4324.96 '
               'Safari/537.36'}
2021-05-26 19:28:22 [scrapy.extensions.telnet] INFO: Telnet Password: d53d6595197142d8
2021-05-26 19:28:22 [scrapy.middleware] INFO: Enabled extensions:
['scrapy.extensions.corestats.CoreStats',
 'scrapy.extensions.telnet.TelnetConsole',
 'scrapy.extensions.memusage.MemoryUsage',
 'scrapy.extensions.logstats.LogStats']
2021-05-26 19:28:22 [scrapy.middleware] INFO: Enabled downloader middlewares:
['scrapy.downloadermiddlewares.httpauth.HttpAuthMiddleware',
 'scrapy.downloadermiddlewares.downloadtimeout.DownloadTimeoutMiddleware',
 'scrapy.downloadermiddlewares.defaultheaders.DefaultHeadersMiddleware',
 'scrapy.downloadermiddlewares.useragent.UserAgentMiddleware',
 'scrapy.downloadermiddlewares.retry.RetryMiddleware',
 'scrapy.downloadermiddlewares.redirect.MetaRefreshMiddleware',
 'scrapy.downloadermiddlewares.httpcompression.HttpCompressionMiddleware',
 'scrapy.downloadermiddlewares.redirect.RedirectMiddleware',
 'scrapy.downloadermiddlewares.cookies.CookiesMiddleware',
 'scrapy.downloadermiddlewares.httpproxy.HttpProxyMiddleware',
 'scrapy.downloadermiddlewares.stats.DownloaderStats']
2021-05-26 19:28:22 [scrapy.middleware] INFO: Enabled spider middlewares:
['scrapy.spidermiddlewares.httperror.HttpErrorMiddleware',
 'scrapy.spidermiddlewares.offsite.OffsiteMiddleware',
 'scrapy.spidermiddlewares.referer.RefererMiddleware',
 'scrapy.spidermiddlewares.urllength.UrlLengthMiddleware',
 'scrapy.spidermiddlewares.depth.DepthMiddleware']
2021-05-26 19:28:22 [scrapy.middleware] INFO: Enabled item pipelines:
['__main__.MyFilesPipeline']
2021-05-26 19:28:22 [scrapy.core.engine] INFO: Spider opened
2021-05-26 19:28:22 [scrapy.extensions.logstats] INFO: Crawled 0 pages (at 0 pages/min), scraped 0 items (at 0 items/min)
2021-05-26 19:28:22 [scrapy.extensions.telnet] INFO: Telnet console listening on 127.0.0.1:6023
2021-05-26 19:28:22 [scrapy.core.engine] DEBUG: Crawled (200) <GET https://www.skytechfireplaceremotes.com/search/?q=SKY-3301> (referer: None)
2021-05-26 19:28:24 [scrapy.core.engine] DEBUG: Crawled (200) <GET https://www.skytechfireplaceremotes.com/search/?q=SKY-1001BE> (referer: None)
2021-05-26 19:28:24 [scrapy.core.engine] DEBUG: Crawled (200) <GET https://www.skytechfireplaceremotes.com/search/?q=SKY-1001T/LCD> (referer: None)
2021-05-26 19:28:24 [scrapy.core.engine] DEBUG: Crawled (200) <GET https://www.skytechfireplaceremotes.com/search/?q=SKY-1001D-A> (referer: None)
2021-05-26 19:28:24 [scrapy.downloadermiddlewares.redirect] DEBUG: Redirecting (302) to <GET https://www.skytechfireplaceremotes.com/skytech-5001-receiver-box-only.html> from <GET https://www.skytechfireplaceremotes.com/search/?q=SKY-5001>
2021-05-26 19:28:24 [scrapy.core.engine] DEBUG: Crawled (200) <GET https://www.skytechfireplaceremotes.com/search/?q=SKY-1410-A> (referer: None)
2021-05-26 19:28:24 [scrapy.core.engine] DEBUG: Crawled (200) <GET https://www.skytechfireplaceremotes.com/search/?q=SKY-1001TH-A> (referer: None)
2021-05-26 19:28:24 [scrapy.core.engine] DEBUG: Crawled (200) <GET https://www.skytechfireplaceremotes.com/search/?q=SKY-5301> (referer: None)
2021-05-26 19:28:24 [scrapy.core.engine] DEBUG: Crawled (200) <GET https://www.skytechfireplaceremotes.com/search/?q=SKY-5310> (referer: None)
2021-05-26 19:28:24 [scrapy.core.engine] DEBUG: Crawled (200) <GET https://www.skytechfireplaceremotes.com/skytech-3301-timer-thermostat-fireplace-remote-control.html> (referer: https://www.skytechfireplaceremotes.com/search/?q=SKY-3301)
2021-05-26 19:28:24 [scrapy.core.engine] DEBUG: Crawled (200) <GET https://www.skytechfireplaceremotes.com/skytech-5001-receiver-box-only.html> (referer: None)
2021-05-26 19:28:25 [scrapy.core.engine] DEBUG: Crawled (200) <GET https://www.skytechfireplaceremotes.com/skytech-1001th-open-box-item.html> (referer: https://www.skytechfireplaceremotes.com/search/?q=SKY-1001TH-A)
2021-05-26 19:28:25 [scrapy.core.engine] DEBUG: Crawled (200) <GET https://www.skytechfireplaceremotes.com/skytech-5301-open-box-item.html> (referer: https://www.skytechfireplaceremotes.com/search/?q=SKY-5301)
2021-05-26 19:28:25 [scrapy.core.engine] DEBUG: Crawled (200) <GET https://www.skytechfireplaceremotes.com/search/?q=SKY-3301PF> (referer: None)
2021-05-26 19:28:25 [scrapy.core.engine] DEBUG: Crawled (200) <GET https://d3lqrypvficofj.cloudfront.net/media/catalog/product/cache/56479904931fb76a498cfc2b7870f50d/s/k/sky-3301.jpg?image_name=sky-3301> (referer: None)
2021-05-26 19:28:25 [scrapy.pipelines.files] DEBUG: File (downloaded): Downloaded file from <GET https://d3lqrypvficofj.cloudfront.net/media/catalog/product/cache/56479904931fb76a498cfc2b7870f50d/s/k/sky-3301.jpg?image_name=sky-3301> referred in <None>
2021-05-26 19:28:25 [scrapy.downloadermiddlewares.redirect] DEBUG: Redirecting (302) to <GET https://www.skytechfireplaceremotes.com/discontinued-skytech-1410th-a-fireplace-remote-control-replaced-by-sky-1420th-a.html> from <GET https://www.skytechfireplaceremotes.com/search/?q=SKY-1410TH-A>
2021-05-26 19:28:25 [scrapy.core.engine] DEBUG: Crawled (200) <GET https://www.skytechfireplaceremotes.com/skytech-5001-receiver-box-only.html> (referer: https://www.skytechfireplaceremotes.com/skytech-5001-receiver-box-only.html)
2021-05-26 19:28:25 [scrapy.core.scraper] DEBUG: Scraped from <200 https://www.skytechfireplaceremotes.com/skytech-3301-timer-thermostat-fireplace-remote-control.html>
{'file_urls': ['https://d3lqrypvficofj.cloudfront.net/media/catalog/product/cache/56479904931fb76a498cfc2b7870f50d/s/k/sky-3301.jpg?image_name=sky-3301'],
 'files': [{'checksum': 'e0891ae91d01a912cbb271bc94ef8435',
            'path': 'Skytech/sky-3301.jpg',
            'status': 'downloaded',
            'url': 'https://d3lqrypvficofj.cloudfront.net/media/catalog/product/cache/56479904931fb76a498cfc2b7870f50d/s/k/sky-3301.jpg?image_name=sky-3301'}],
 'image_brand': 'Skytech',
 'image_name': 'sky-3301'}
2021-05-26 19:28:25 [scrapy.core.engine] DEBUG: Crawled (200) <GET https://d3lqrypvficofj.cloudfront.net/media/catalog/product/cache/56479904931fb76a498cfc2b7870f50d/s/k/sky-1001th-a.jpg?image_name=sky-1001th-a> (referer: None)
2021-05-26 19:28:25 [scrapy.pipelines.files] DEBUG: File (downloaded): Downloaded file from <GET https://d3lqrypvficofj.cloudfront.net/media/catalog/product/cache/56479904931fb76a498cfc2b7870f50d/s/k/sky-1001th-a.jpg?image_name=sky-1001th-a> referred in <None>
2021-05-26 19:28:25 [scrapy.core.engine] DEBUG: Crawled (200) <GET https://www.skytechfireplaceremotes.com/discontinued-skytech-1410th-a-fireplace-remote-control-replaced-by-sky-1420th-a.html> (referer: None)
2021-05-26 19:28:25 [scrapy.core.engine] DEBUG: Crawled (200) <GET https://d3lqrypvficofj.cloudfront.net/media/catalog/product/cache/56479904931fb76a498cfc2b7870f50d/s/k/sky-5301.jpg?image_name=sky-5301> (referer: None)
2021-05-26 19:28:25 [scrapy.pipelines.files] DEBUG: File (downloaded): Downloaded file from <GET https://d3lqrypvficofj.cloudfront.net/media/catalog/product/cache/56479904931fb76a498cfc2b7870f50d/s/k/sky-5301.jpg?image_name=sky-5301> referred in <None>
2021-05-26 19:28:25 [scrapy.core.engine] DEBUG: Crawled (200) <GET https://d3lqrypvficofj.cloudfront.net/media/catalog/product/cache/56479904931fb76a498cfc2b7870f50d/r/e/receiver-box.jpg?image_name=sky-5001> (referer: None)
2021-05-26 19:28:25 [scrapy.pipelines.files] DEBUG: File (downloaded): Downloaded file from <GET https://d3lqrypvficofj.cloudfront.net/media/catalog/product/cache/56479904931fb76a498cfc2b7870f50d/r/e/receiver-box.jpg?image_name=sky-5001> referred in <None>
2021-05-26 19:28:25 [scrapy.core.scraper] DEBUG: Scraped from <200 https://www.skytechfireplaceremotes.com/skytech-1001th-open-box-item.html>
{'file_urls': ['https://d3lqrypvficofj.cloudfront.net/media/catalog/product/cache/56479904931fb76a498cfc2b7870f50d/s/k/sky-1001th-a.jpg?image_name=sky-1001th-a'],
 'files': [{'checksum': '4ba60801f9d9abe0131338a194c9d0ab',
            'path': 'Skytech/sky-1001th-a.jpg',
            'status': 'downloaded',
            'url': 'https://d3lqrypvficofj.cloudfront.net/media/catalog/product/cache/56479904931fb76a498cfc2b7870f50d/s/k/sky-1001th-a.jpg?image_name=sky-1001th-a'}],
 'image_brand': 'Skytech',
 'image_name': 'sky-1001th-a'}
2021-05-26 19:28:25 [scrapy.core.scraper] DEBUG: Scraped from <200 https://www.skytechfireplaceremotes.com/skytech-5301-open-box-item.html>
{'file_urls': ['https://d3lqrypvficofj.cloudfront.net/media/catalog/product/cache/56479904931fb76a498cfc2b7870f50d/s/k/sky-5301.jpg?image_name=sky-5301'],
 'files': [{'checksum': 'a7665051359fa8b405b7f72038f43ad8',
            'path': 'Skytech/sky-5301.jpg',
            'status': 'downloaded',
            'url': 'https://d3lqrypvficofj.cloudfront.net/media/catalog/product/cache/56479904931fb76a498cfc2b7870f50d/s/k/sky-5301.jpg?image_name=sky-5301'}],
 'image_brand': 'Skytech',
 'image_name': 'sky-5301'}
2021-05-26 19:28:25 [scrapy.core.engine] DEBUG: Crawled (200) <GET https://www.skytechfireplaceremotes.com/search/?q=SKY-3301BE> (referer: None)
2021-05-26 19:28:25 [scrapy.core.engine] DEBUG: Crawled (200) <GET https://www.skytechfireplaceremotes.com/search/?q=SKY-3301PBE> (referer: None)
2021-05-26 19:28:25 [scrapy.core.scraper] DEBUG: Scraped from <200 https://www.skytechfireplaceremotes.com/skytech-5001-receiver-box-only.html>
{'file_urls': ['https://d3lqrypvficofj.cloudfront.net/media/catalog/product/cache/56479904931fb76a498cfc2b7870f50d/r/e/receiver-box.jpg?image_name=sky-5001'],
 'files': [{'checksum': '99b64777f13cbe36b10ee513069d3b91',
            'path': 'Skytech/sky-5001.jpg',
            'status': 'downloaded',
            'url': 'https://d3lqrypvficofj.cloudfront.net/media/catalog/product/cache/56479904931fb76a498cfc2b7870f50d/r/e/receiver-box.jpg?image_name=sky-5001'}],
 'image_brand': 'Skytech',
 'image_name': 'sky-5001'}
2021-05-26 19:28:25 [scrapy.core.engine] DEBUG: Crawled (200) <GET https://www.skytechfireplaceremotes.com/search/?q=TS/R-2A> (referer: None)
2021-05-26 19:28:25 [scrapy.core.engine] DEBUG: Crawled (200) <GET https://www.skytechfireplaceremotes.com/discontinued-skytech-1410th-a-fireplace-remote-control-replaced-by-sky-1420th-a.html> (referer: https://www.skytechfireplaceremotes.com/discontinued-skytech-1410th-a-fireplace-remote-control-replaced-by-sky-1420th-a.html)
2021-05-26 19:28:25 [scrapy.core.engine] DEBUG: Crawled (200) <GET https://www.skytechfireplaceremotes.com/search/?q=SKY-3002> (referer: None)
2021-05-26 19:28:25 [scrapy.core.engine] DEBUG: Crawled (200) <GET https://d3lqrypvficofj.cloudfront.net/media/catalog/product/cache/56479904931fb76a498cfc2b7870f50d/s/k/sky-1410th-a.jpg?image_name=sky-1410th-a> (referer: None)
2021-05-26 19:28:25 [scrapy.pipelines.files] DEBUG: File (downloaded): Downloaded file from <GET https://d3lqrypvficofj.cloudfront.net/media/catalog/product/cache/56479904931fb76a498cfc2b7870f50d/s/k/sky-1410th-a.jpg?image_name=sky-1410th-a> referred in <None>
2021-05-26 19:28:25 [scrapy.core.scraper] DEBUG: Scraped from <200 https://www.skytechfireplaceremotes.com/discontinued-skytech-1410th-a-fireplace-remote-control-replaced-by-sky-1420th-a.html>
{'file_urls': ['https://d3lqrypvficofj.cloudfront.net/media/catalog/product/cache/56479904931fb76a498cfc2b7870f50d/s/k/sky-1410th-a.jpg?image_name=sky-1410th-a'],
 'files': [{'checksum': 'bd867e6d143f53385fc4de0b850c3baf',
            'path': 'Skytech/sky-1410th-a.jpg',
            'status': 'downloaded',
            'url': 'https://d3lqrypvficofj.cloudfront.net/media/catalog/product/cache/56479904931fb76a498cfc2b7870f50d/s/k/sky-1410th-a.jpg?image_name=sky-1410th-a'}],
 'image_brand': 'Skytech',
 'image_name': 'sky-1410th-a'}
2021-05-26 19:28:26 [scrapy.core.engine] DEBUG: Crawled (200) <GET https://www.skytechfireplaceremotes.com/skytech-3002-timer-thermostat-fireplace-remote-control.html> (referer: https://www.skytechfireplaceremotes.com/search/?q=SKY-3002)
2021-05-26 19:28:26 [scrapy.core.engine] DEBUG: Crawled (200) <GET https://www.skytechfireplaceremotes.com/search/?q=SKY-3301P> (referer: None)
2021-05-26 19:28:26 [scrapy.core.engine] DEBUG: Crawled (200) <GET https://d3lqrypvficofj.cloudfront.net/media/catalog/product/cache/56479904931fb76a498cfc2b7870f50d/s/k/sky-3002.jpg?image_name=sky-3002> (referer: None)
2021-05-26 19:28:26 [scrapy.pipelines.files] DEBUG: File (downloaded): Downloaded file from <GET https://d3lqrypvficofj.cloudfront.net/media/catalog/product/cache/56479904931fb76a498cfc2b7870f50d/s/k/sky-3002.jpg?image_name=sky-3002> referred in <None>
2021-05-26 19:28:26 [scrapy.core.scraper] DEBUG: Scraped from <200 https://www.skytechfireplaceremotes.com/skytech-3002-timer-thermostat-fireplace-remote-control.html>
{'file_urls': ['https://d3lqrypvficofj.cloudfront.net/media/catalog/product/cache/56479904931fb76a498cfc2b7870f50d/s/k/sky-3002.jpg?image_name=sky-3002'],
 'files': [{'checksum': 'a8a02192f403d30bf3fe977123422216',
            'path': 'Skytech/sky-3002.jpg',
            'status': 'downloaded',
            'url': 'https://d3lqrypvficofj.cloudfront.net/media/catalog/product/cache/56479904931fb76a498cfc2b7870f50d/s/k/sky-3002.jpg?image_name=sky-3002'}],
 'image_brand': 'Skytech',
 'image_name': 'sky-3002'}
2021-05-26 19:28:26 [scrapy.core.engine] DEBUG: Crawled (200) <GET https://www.skytechfireplaceremotes.com/skytech-3301p-open-box-item.html> (referer: https://www.skytechfireplaceremotes.com/search/?q=SKY-3301P)
2021-05-26 19:28:26 [scrapy.core.engine] DEBUG: Crawled (200) <GET https://d3lqrypvficofj.cloudfront.net/media/catalog/product/cache/56479904931fb76a498cfc2b7870f50d/s/k/sky-3301p.jpg?image_name=sky-3301p> (referer: None)
2021-05-26 19:28:26 [scrapy.pipelines.files] DEBUG: File (downloaded): Downloaded file from <GET https://d3lqrypvficofj.cloudfront.net/media/catalog/product/cache/56479904931fb76a498cfc2b7870f50d/s/k/sky-3301p.jpg?image_name=sky-3301p> referred in <None>
2021-05-26 19:28:26 [scrapy.core.scraper] DEBUG: Scraped from <200 https://www.skytechfireplaceremotes.com/skytech-3301p-open-box-item.html>
{'file_urls': ['https://d3lqrypvficofj.cloudfront.net/media/catalog/product/cache/56479904931fb76a498cfc2b7870f50d/s/k/sky-3301p.jpg?image_name=sky-3301p'],
 'files': [{'checksum': 'e0891ae91d01a912cbb271bc94ef8435',
            'path': 'Skytech/sky-3301p.jpg',
            'status': 'downloaded',
            'url': 'https://d3lqrypvficofj.cloudfront.net/media/catalog/product/cache/56479904931fb76a498cfc2b7870f50d/s/k/sky-3301p.jpg?image_name=sky-3301p'}],
 'image_brand': 'Skytech',
 'image_name': 'sky-3301p'}
2021-05-26 19:28:26 [scrapy.core.engine] INFO: Closing spider (finished)
2021-05-26 19:28:26 [scrapy.statscollectors] INFO: Dumping Scrapy stats:
{'downloader/request_bytes': 12537,
 'downloader/request_count': 32,
 'downloader/request_method_count/GET': 32,
 'downloader/response_bytes': 1049181,
 'downloader/response_count': 32,
 'downloader/response_status_count/200': 30,
 'downloader/response_status_count/302': 2,
 'elapsed_time_seconds': 4.368288,
 'file_count': 7,
 'file_status_count/downloaded': 7,
 'finish_reason': 'finished',
 'finish_time': datetime.datetime(2021, 5, 26, 23, 28, 26, 808788),
 'httpcompression/response_bytes': 3403703,
 'httpcompression/response_count': 23,
 'item_scraped_count': 7,
 'log_count/DEBUG': 46,
 'log_count/INFO': 10,
 'memusage/max': 53436416,
 'memusage/startup': 53436416,
 'request_depth_max': 1,
 'response_received_count': 30,
 'scheduler/dequeued': 25,
 'scheduler/dequeued/memory': 25,
 'scheduler/enqueued': 25,
 'scheduler/enqueued/memory': 25,
 'start_time': datetime.datetime(2021, 5, 26, 23, 28, 22, 440500)}
2021-05-26 19:28:26 [scrapy.core.engine] INFO: Spider closed (finished)
